Optimal meeting schedule:
 Order 0: Meet Joseph at Union Square
   Arrival time: 10:36
   Meeting from 14:15 to 16:15
 Order 1: Meet Elizabeth at Mission District
   Arrival time: 18:31
   Meeting from 18:31 to 20:31
 Order 3: Meet Helen at Golden Gate Park
   Arrival time: 09:14
   Meeting from 09:30 to 10:15
 Order 4: Meet Deborah at Bayview
   Arrival time: 10:38
   Meeting from 10:38 to 11:08
 Order 5: Meet Matthew at Marina District
   Arrival time: 11:35
   Meeting from 11:35 to 12:20
 Order 6: Meet Rebecca at Financial District
   Arrival time: 12:37
   Meeting from 14:45 to 15:15
 Order 7: Meet Ronald at Sunset District
   Arrival time: 15:45
   Meeting from 16:00 to 17:00
 Order 8: Meet Robert at Alamo Square
   Arrival time: 17:17
   Meeting from 18:30 to 20:30
Total friends met: 8
