Optimal meeting schedule:
 Order 0: Meet Deborah at Chinatown
    Arrival time: 11:22
    Meeting from 11:22 to 12:07
 Order 1: Meet Mark at Presidio
    Arrival time: 12:26
    Meeting from 14:45 to 15:45
 Order 2: Meet Andrew at Embarcadero
    Arrival time: 16:05
    Meeting from 20:15 to 21:30
 Order 4: Meet George at The Castro
    Arrival time: 12:53
    Meeting from 12:53 to 13:53
 Order 5: Meet Steven at Golden Gate Park
    Arrival time: 14:04
    Meeting from 14:04 to 15:49
 Order 6: Meet Margaret at Sunset District
    Arrival time: 15:59
    Meeting from 21:30 to 22:30
Total friends met: 6
