Optimal meeting schedule:
 Order 0: Meet Stephanie at North Beach
    Arrival Time: 10:14
    Meeting Time: 10:15 - 11:30
 Order 1: Meet Brian at Presidio
    Arrival Time: 13:24
    Meeting Time: 13:24 - 13:54
 Order 2: Meet Helen at Golden Gate Park
    Arrival Time: 14:06
    Meeting Time: 14:06 - 16:06
 Order 3: Meet Mary at Embarcadero
    Arrival Time: 16:31
    Meeting Time: 16:45 - 18:45
 Order 4: Meet Deborah at Financial District
    Arrival Time: 18:50
    Meeting Time: 19:00 - 20:45
 Order 6: Meet Sandra at Richmond District
    Arrival Time: 07:59
    Meeting Time: 08:00 - 08:30
 Order 7: Meet Elizabeth at Marina District
    Arrival Time: 11:30
    Meeting Time: 11:30 - 13:15
 Order 8: Meet Karen at Russian Hill
    Arrival Time: 14:07
    Meeting Time: 18:00 - 19:30
Total friends met: 8
