Optimal meeting schedule:
 Order 0: Meet Karen at Marina District
    Arrival time: 16:31
    Meeting from 16:31 to 16:46
 Order 1: Meet David at Union Square
    Arrival time: 17:02
    Meeting from 17:02 to 17:47
 Order 2: Meet Brian at Fisherman's Wharf
    Arrival time: 18:02
    Meeting from 18:02 to 19:47
 Order 3: Meet Jeffrey at Golden Gate Park
    Arrival time: 20:12
    Meeting from 20:12 to 21:12
 Order 5: Meet Anthony at Haight-Ashbury
    Arrival time: 07:14
    Meeting from 07:15 to 07:45
 Order 6: Meet Helen at Pacific Heights
    Arrival time: 07:59
    Meeting from 08:00 to 09:15
 Order 7: Meet Joshua at Richmond District
    Arrival time: 10:37
    Meeting from 10:37 to 10:52
 Order 8: Meet Joseph at Financial District
    Arrival time: 11:14
    Meeting from 11:15 to 11:30
 Order 9: Meet Matthew at Mission District
    Arrival time: 11:47
    Meeting from 17:15 to 19:15
Total friends met: 9
