Optimal meeting schedule:
 Order 0: Meet Ashley at Richmond District
    Arrival Time: 10:30
    Meeting Time: 10:30 - 11:15
 Order 1: Meet Stephanie at Presidio
    Arrival Time: 12:25
    Meeting Time: 12:25 - 13:40
 Order 2: Meet Betty at Bayview
    Arrival Time: 14:11
    Meeting Time: 14:11 - 14:26
 Order 3: Meet Lisa at Haight-Ashbury
    Arrival Time: 15:29
    Meeting Time: 15:30 - 16:15
 Order 4: Meet Patricia at Union Square
    Arrival Time: 16:34
    Meeting Time: 16:34 - 18:34
 Order 5: Meet Karen at Sunset District
    Arrival Time: 20:10
    Meeting Time: 20:10 - 21:55
 Order 7: Meet Brian at The Castro
    Arrival Time: 09:14
    Meeting Time: 09:15 - 09:45
 Order 8: Meet Joseph at Marina District
    Arrival Time: 10:06
    Meeting Time: 10:45 - 12:15
 Order 9: Meet William at Russian Hill
    Arrival Time: 18:47
    Meeting Time: 18:47 - 19:47
Total friends met: 9
