Optimal meeting schedule:
 Order 0: Meet Margaret at Chinatown
    Arrival time: 14:14
    Meeting from 14:15 to 16:15
 Order 1: Meet Rebecca at Nob Hill
    Arrival time: 16:24
    Meeting from 16:24 to 17:54
 Order 2: Meet Patricia at Haight-Ashbury
    Arrival time: 18:07
    Meeting from 18:07 to 18:52
 Order 3: Meet Robert at Sunset District
    Arrival time: 19:07
    Meeting from 19:07 to 19:37
 Order 4: Meet Karen at Richmond District
    Arrival time: 19:49
    Meeting from 19:49 to 20:49
 Order 6: Meet Laura at Embarcadero
    Arrival time: 09:13
    Meeting from 09:13 to 10:58
 Order 7: Meet Mark at North Beach
    Arrival time: 12:36
    Meeting from 14:00 to 15:45
 Order 8: Meet Melissa at Russian Hill
    Arrival time: 17:58
    Meeting from 17:58 to 18:28
Total friends met: 8
