Optimal meeting schedule:
 Order 0: Meet Melissa at Alamo Square
   Arrival time: 10:15
   Meeting from 10:15 to 12:00
 Order 1: Meet Anthony at Chinatown
   Arrival time: 12:15
   Meeting from 12:15 to 13:30
 Order 2: Meet Jeffrey at Marina District
   Arrival time: 14:12
   Meeting from 14:12 to 14:57
 Order 3: Meet James at Bayview
   Arrival time: 15:24
   Meeting from 15:24 to 16:54
 Order 4: Meet Emily at Sunset District
   Arrival time: 17:17
   Meeting from 19:30 to 21:30
 Order 6: Meet Timothy at Presidio
   Arrival time: 12:31
   Meeting from 12:31 to 14:01
 Order 7: Meet Joshua at Haight-Ashbury
   Arrival time: 14:16
   Meeting from 14:16 to 15:46
Total friends met: 7
