Optimal meeting schedule:
 Order 0: Meet Brian at Mission District
    Arrival Time: 15:29
    Meeting Time: 15:30 - 16:30
 Order 1: Meet William at Russian Hill
    Arrival Time: 16:56
    Meeting Time: 16:56 - 18:56
 Order 2: Meet Karen at Embarcadero
    Arrival Time: 19:04
    Meeting Time: 19:04 - 20:04
 Order 3: Meet Nancy at Pacific Heights
    Arrival Time: 20:15
    Meeting Time: 20:15 - 22:00
 Order 5: Meet Robert at Nob Hill
    Arrival Time: 09:26
    Meeting Time: 13:15 - 14:45
 Order 6: Meet David at North Beach
    Arrival Time: 15:15
    Meeting Time: 15:15 - 16:30
 Order 7: Meet Kimberly at Marina District
    Arrival Time: 16:48
    Meeting Time: 17:00 - 18:15
 Order 8: Meet Jeffrey at Richmond District
    Arrival Time: 18:26
    Meeting Time: 18:26 - 19:11
 Order 9: Meet Joshua at Alamo Square
    Arrival Time: 19:24
    Meeting Time: 19:24 - 20:24
Total friends met: 9
