Optimal meeting schedule:
 Order 0: Meet Elizabeth at Presidio
    Arrival Time: 21:14
    Meeting Time: 21:15 to 22:00
 Order 2: Meet Daniel at Nob Hill
    Arrival Time: 09:12
    Meeting Time: 09:12 to 09:27
 Order 3: Meet Betty at Richmond District
    Arrival Time: 09:41
    Meeting Time: 13:15 to 13:45
 Order 4: Meet Timothy at Pacific Heights
    Arrival Time: 13:55
    Meeting Time: 13:55 to 15:25
 Order 5: Meet Steven at Marina District
    Arrival Time: 16:29
    Meeting Time: 16:30 to 18:00
 Order 6: Meet Kevin at Chinatown
    Arrival Time: 18:15
    Meeting Time: 18:15 to 18:45
 Order 7: Meet Ashley at Golden Gate Park
    Arrival Time: 19:08
    Meeting Time: 20:45 to 21:45
Total friends met: 7
