Optimal meeting schedule:
 Order 0: Meet William at Union Square
    Arrival Time: 11:20
    Meeting Time: 11:20 - 12:05
 Order 1: Meet Elizabeth at Nob Hill
    Arrival Time: 12:14
    Meeting Time: 12:15 - 14:00
 Order 2: Meet Carol at Financial District
    Arrival Time: 14:09
    Meeting Time: 14:09 - 15:09
 Order 3: Meet Anthony at Golden Gate Park
    Arrival Time: 15:32
    Meeting Time: 15:32 - 16:47
 Order 4: Meet Barbara at Embarcadero
    Arrival Time: 17:12
    Meeting Time: 19:15 - 20:30
 Order 5: Meet Kenneth at Presidio
    Arrival Time: 20:50
    Meeting Time: 21:15 - 22:00
 Order 7: Meet Sandra at North Beach
    Arrival Time: 11:53
    Meeting Time: 11:53 - 12:08
 Order 8: Meet Joseph at Fisherman's Wharf
    Arrival Time: 12:13
    Meeting Time: 12:45 - 14:00
Total friends met: 8
