Optimal meeting schedule:
 Order 0: Meet Carol at Financial District
    Arrival Time: 10:14
    Meeting Time: 10:15 - 11:15
 Order 1: Meet Brian at Presidio
    Arrival Time: 11:37
    Meeting Time: 11:37 - 12:52
 Order 2: Meet Kenneth at The Castro
    Arrival Time: 14:44
    Meeting Time: 14:45 - 15:15
 Order 3: Meet Sandra at Nob Hill
    Arrival Time: 15:40
    Meeting Time: 15:40 - 16:40
 Order 4: Meet Kimberly at Richmond District
    Arrival Time: 16:54
    Meeting Time: 16:54 - 17:24
 Order 5: Meet Laura at Mission District
    Arrival Time: 17:44
    Meeting Time: 17:44 - 18:14
 Order 6: Meet Karen at Russian Hill
    Arrival Time: 18:29
    Meeting Time: 18:30 - 19:45
 Order 7: Meet Paul at Alamo Square
    Arrival Time: 20:00
    Meeting Time: 21:00 - 21:15
 Order 8: Meet Linda at Marina District
    Arrival Time: 21:30
    Meeting Time: 21:30 - 22:00
Total friends met: 9
