Optimal meeting schedule:
 Order 0: Meet Karen at The Castro
    Arrival time: 10:36
    Meeting from 10:36 to 11:51
 Order 1: Meet Deborah at Alamo Square
    Arrival time: 11:59
    Meeting from 12:00 to 13:45
 Order 2: Meet Elizabeth at Chinatown
    Arrival time: 14:01
    Meeting from 14:01 to 15:16
 Order 3: Meet Steven at Russian Hill
    Arrival time: 15:23
    Meeting from 15:23 to 17:23
 Order 4: Meet Jason at North Beach
    Arrival time: 17:28
    Meeting from 17:28 to 18:58
 Order 5: Meet Laura at Fisherman's Wharf
    Arrival time: 19:03
    Meeting from 19:03 to 20:03
 Order 6: Meet Carol at Haight-Ashbury
    Arrival time: 20:25
    Meeting from 21:30 to 22:30
Total friends met: 7
