Optimal meeting schedule:
 Order 0: Meet David at Sunset District
    Arrival Time: 13:59
    Meeting: 13:59 - 14:44
 Order 1: Meet Mark at Embarcadero
    Arrival Time: 15:14
    Meeting: 15:15 - 16:00
 Order 2: Meet Karen at Golden Gate Park
    Arrival Time: 16:25
    Meeting: 19:30 - 21:30
 Order 4: Meet Jessica at Financial District
    Arrival Time: 09:21
    Meeting: 09:30 - 10:15
 Order 5: Meet Matthew at Alamo Square
    Arrival Time: 10:32
    Meeting: 10:32 - 12:02
 Order 6: Meet Melissa at North Beach
    Arrival Time: 12:17
    Meeting: 12:17 - 13:02
 Order 7: Meet Deborah at Presidio
    Arrival Time: 13:19
    Meeting: 19:00 - 19:45
 Order 8: Meet Laura at Bayview
    Arrival Time: 20:16
    Meeting: 21:15 - 21:30
Total friends met: 8
