Optimal meeting schedule:
 Order 0: Meet Joshua at Financial District
    Arrival Time: 11:10
    Meeting Time: 14:30 - 16:00
 Order 1: Meet George at The Castro
    Arrival Time: 16:20
    Meeting Time: 16:20 - 18:05
 Order 2: Meet Charles at Richmond District
    Arrival Time: 18:21
    Meeting Time: 18:21 - 18:36
 Order 3: Meet Ronald at Embarcadero
    Arrival Time: 18:55
    Meeting Time: 18:55 - 19:25
 Order 4: Meet Kenneth at Union Square
    Arrival Time: 19:35
    Meeting Time: 21:15 - 21:30
 Order 6: Meet William at Presidio
    Arrival Time: 06:59
    Meeting Time: 07:00 - 08:00
 Order 7: Meet Kimberly at Alamo Square
    Arrival Time: 08:59
    Meeting Time: 09:00 - 10:45
 Order 8: Meet Mary at Marina District
    Arrival Time: 11:00
    Meeting Time: 14:45 - 15:30
 Order 9: Meet Patricia at Nob Hill
    Arrival Time: 16:08
    Meeting Time: 16:08 - 18:08
Total friends met: 9
