Optimal meeting schedule:
 Order 0: Meet Ronald at Alamo Square
   Arrival time: 11:46
   Meeting from 11:46 to 13:46
 Order 1: Meet Margaret at Embarcadero
   Arrival time: 14:02
   Meeting from 14:02 to 15:32
 Order 2: Meet Melissa at Union Square
   Arrival time: 15:42
   Meeting from 17:45 to 18:00
 Order 4: Meet Jason at Financial District
   Arrival time: 12:10
   Meeting from 12:10 to 13:55
 Order 5: Meet Richard at Chinatown
   Arrival time: 14:00
   Meeting from 14:00 to 14:15
 Order 6: Meet Elizabeth at Sunset District
   Arrival time: 14:44
   Meeting from 14:45 to 16:30
 Order 7: Meet Laura at Richmond District
   Arrival time: 16:42
   Meeting from 16:42 to 17:42
 Order 8: Meet George at Golden Gate Park
   Arrival time: 17:51
   Meeting from 19:00 to 20:15
Total friends met: 8
