Optimal meeting schedule:
 Order 0: Meet Margaret at Chinatown
    Arrival Time: 09:14
    Meeting Time: 09:15 - 10:45
 Order 1: Meet Matthew at Presidio
    Arrival Time: 11:17
    Meeting Time: 11:17 - 12:47
 Order 2: Meet Kimberly at Golden Gate Park
    Arrival Time: 12:59
    Meeting Time: 13:00 - 15:00
 Order 3: Meet Nancy at Pacific Heights
    Arrival Time: 15:16
    Meeting Time: 15:16 - 15:31
 Order 4: Meet Kenneth at Bayview
    Arrival Time: 15:53
    Meeting Time: 15:53 - 16:53
 Order 5: Meet Helen at Richmond District
    Arrival Time: 17:18
    Meeting Time: 19:45 - 20:45
 Order 6: Meet Rebecca at Fisherman's Wharf
    Arrival Time: 21:03
    Meeting Time: 21:15 - 22:15
Total friends met: 7
