Optimal meeting schedule:
 Order 0: Meet Melissa at The Castro
   Arrival time: 09:21
   Meeting from 09:30 to 10:00
 Order 1: Meet Matthew at Bayview
   Arrival time: 10:19
   Meeting from 10:19 to 10:49
 Order 2: Meet Jeffrey at Fisherman's Wharf
   Arrival time: 12:44
   Meeting from 12:45 to 14:45
 Order 3: Meet Karen at Mission District
   Arrival time: 17:10
   Meeting from 17:30 to 19:15
 Order 4: Meet Nancy at Pacific Heights
   Arrival time: 19:31
   Meeting from 19:31 to 21:16
 Order 6: Meet Robert at Alamo Square
   Arrival time: 11:04
   Meeting from 11:15 to 13:15
 Order 7: Meet Joseph at Golden Gate Park
   Arrival time: 15:09
   Meeting from 15:09 to 16:54
Total friends met: 7
