Optimal meeting schedule:
 Order 0: Meet Stephanie at Mission District
    Arrival Time: 12:59
    Meeting Time: 13:00 - 14:15
 Order 1: Meet Brian at Marina District
    Arrival Time: 14:34
    Meeting Time: 14:34 - 15:04
 Order 2: Meet Karen at Haight-Ashbury
    Arrival Time: 15:20
    Meeting Time: 15:20 - 15:50
 Order 3: Meet Emily at Pacific Heights
    Arrival Time: 16:02
    Meeting Time: 16:02 - 16:17
 Order 4: Meet Rebecca at Nob Hill
    Arrival Time: 16:25
    Meeting Time: 16:25 - 18:10
 Order 5: Meet William at Bayview
    Arrival Time: 18:29
    Meeting Time: 18:29 - 19:59
 Order 7: Meet Steven at Russian Hill
    Arrival Time: 09:12
    Meeting Time: 14:00 - 14:30
 Order 8: Meet Elizabeth at Alamo Square
    Arrival Time: 14:45
    Meeting Time: 14:45 - 16:45
 Order 9: Meet James at Chinatown
    Arrival Time: 17:00
    Meeting Time: 17:00 - 19:00
Total friends met: 9
