Optimal meeting schedule:
 Order 0: Meet Charles at Union Square
    Arrival time: 10:14
    Meeting from 10:45 to 12:45
 Order 1: Meet Paul at Haight-Ashbury
    Arrival time: 14:38
    Meeting from 19:15 to 19:30
 Order 3: Meet Joseph at Chinatown
    Arrival time: 06:59
    Meeting from 07:00 to 08:00
 Order 4: Meet Elizabeth at Sunset District
    Arrival time: 08:59
    Meeting from 09:00 to 09:45
 Order 5: Meet Carol at Financial District
    Arrival time: 10:44
    Meeting from 10:45 to 11:00
 Order 6: Meet Matthew at Golden Gate Park
    Arrival time: 11:23
    Meeting from 11:23 to 12:08
 Order 7: Meet Jeffrey at Bayview
    Arrival time: 14:39
    Meeting from 14:39 to 15:54
 Order 8: Meet Rebecca at Mission District
    Arrival time: 16:07
    Meeting from 17:00 to 17:45
Total friends met: 8
