Optimal meeting schedule:
 Order 0: Meet Daniel at Pacific Heights
    Arrival time: 16:59
    Meeting from 16:59 to 17:14
 Order 1: Meet Mark at Golden Gate Park
    Arrival time: 17:29
    Meeting from 17:30 to 19:30
 Order 2: Meet David at Marina District
    Arrival time: 19:59
    Meeting from 20:00 to 21:00
 Order 4: Meet Kenneth at The Castro
    Arrival time: 09:16
    Meeting from 11:15 to 11:45
 Order 5: Meet Richard at Chinatown
    Arrival time: 12:23
    Meeting from 12:23 to 12:53
 Order 6: Meet Sarah at Union Square
    Arrival time: 13:00
    Meeting from 13:00 to 14:30
 Order 7: Meet Karen at Russian Hill
    Arrival time: 15:17
    Meeting from 15:17 to 17:17
 Order 8: Meet Thomas at North Beach
    Arrival time: 17:22
    Meeting from 19:15 to 19:30
 Order 9: Meet Mary at Embarcadero
    Arrival time: 19:36
    Meeting from 20:00 to 21:15
Total friends met: 9
