Optimal meeting schedule:
 Order 0: Meet Nancy at Pacific Heights
    Arrival Time: 09:23
    Meeting Time: 09:23 - 10:53
 Order 1: Meet Lisa at Union Square
    Arrival Time: 11:05
    Meeting Time: 11:05 - 11:50
 Order 2: Meet Joshua at Financial District
    Arrival Time: 11:59
    Meeting Time: 12:00 - 12:15
 Order 3: Meet Andrew at Nob Hill
    Arrival Time: 15:25
    Meeting Time: 15:25 - 16:25
 Order 4: Meet John at Bayview
    Arrival Time: 16:44
    Meeting Time: 16:45 - 18:00
 Order 5: Meet Kenneth at Richmond District
    Arrival Time: 18:25
    Meeting Time: 21:15 - 21:45
Total friends met: 6
