Optimal meeting schedule:
 Order 0: Meet Nancy at Alamo Square
    Arrival time: 11:45
    Meeting from 11:45 to 13:45
 Order 1: Meet Linda at Haight-Ashbury
    Arrival time: 14:06
    Meeting from 14:06 to 14:21
 Order 2: Meet Paul at Fisherman's Wharf
    Arrival time: 14:44
    Meeting from 14:45 to 16:15
 Order 4: Meet James at Embarcadero
    Arrival time: 10:29
    Meeting from 10:30 to 11:00
 Order 5: Meet Anthony at Mission District
    Arrival time: 13:00
    Meeting from 13:00 to 14:45
 Order 6: Meet Margaret at Richmond District
    Arrival time: 15:05
    Meeting from 15:15 to 16:00
 Order 7: Meet Helen at North Beach
    Arrival time: 16:17
    Meeting from 16:17 to 16:47
 Order 8: Meet William at Bayview
    Arrival time: 17:12
    Meeting from 17:30 to 19:30
 Order 9: Meet Kimberly at Golden Gate Park
    Arrival time: 19:52
    Meeting from 19:52 to 21:07
Total friends met: 9
