Optimal meeting schedule:
 Order 0: Meet Mark at Golden Gate Park
    Arrival Time: 11:29
    Meeting Time: 11:30 - 11:45
 Order 1: Meet Jeffrey at Union Square
    Arrival Time: 12:45
    Meeting Time: 12:45 - 14:45
 Order 2: Meet Sandra at Nob Hill
    Arrival Time: 14:54
    Meeting Time: 14:54 - 15:09
 Order 3: Meet Robert at Chinatown
    Arrival Time: 15:15
    Meeting Time: 15:15 - 16:45
 Order 4: Meet Carol at Mission District
    Arrival Time: 17:03
    Meeting Time: 18:15 - 18:30
 Order 5: Meet James at Pacific Heights
    Arrival Time: 18:46
    Meeting Time: 20:00 - 22:00
Total friends met: 6
