Optimal meeting schedule:
 Order 0: Meet Elizabeth at Financial District
   Arrival time: 09:59
   Meeting from 10:00 to 11:15
 Order 1: Meet Joseph at Union Square
   Arrival time: 11:44
   Meeting from 11:45 to 13:45
 Order 2: Meet Richard at Fisherman's Wharf
   Arrival time: 14:00
   Meeting from 14:30 to 15:00
 Order 3: Meet Kimberly at Haight-Ashbury
   Arrival time: 15:22
   Meeting from 15:22 to 17:07
 Order 4: Meet Ashley at Russian Hill
   Arrival time: 17:24
   Meeting from 17:24 to 18:09
 Order 5: Meet Helen at Sunset District
   Arrival time: 18:32
   Meeting from 18:32 to 20:17
 Order 6: Meet Karen at Mission District
   Arrival time: 20:42
   Meeting from 20:42 to 21:12
 Order 7: Meet Robert at Presidio
   Arrival time: 21:37
   Meeting from 21:45 to 22:45
Total friends met: 8
