Optimal meeting schedule:
 Order 0: Meet Karen at Financial District
    Arrival Time: 10:06
    Meeting Time: 10:06 - 11:36
 Order 1: Meet Nancy at Golden Gate Park
    Arrival Time: 14:34
    Meeting Time: 16:45 - 18:30
 Order 3: Meet David at The Castro
    Arrival Time: 08:59
    Meeting Time: 09:00 - 11:00
 Order 4: Meet Andrew at Nob Hill
    Arrival Time: 11:44
    Meeting Time: 11:45 - 13:30
 Order 5: Meet Matthew at Haight-Ashbury
    Arrival Time: 13:43
    Meeting Time: 13:43 - 14:28
 Order 6: Meet Kevin at Sunset District
    Arrival Time: 14:43
    Meeting Time: 14:43 - 16:43
 Order 7: Meet Barbara at Alamo Square
    Arrival Time: 17:00
    Meeting Time: 17:00 - 18:30
 Order 8: Meet Linda at Bayview
    Arrival Time: 18:46
    Meeting Time: 18:46 - 19:31
Total friends met: 8
