Optimal meeting schedule:
 Order 0: Meet Brian at Marina District
    Arrival Time: 12:14
    Meeting Time: 12:15 - 13:15
 Order 1: Meet Jessica at Nob Hill
    Arrival Time: 13:27
    Meeting Time: 16:30 - 18:30
 Order 2: Meet Matthew at Bayview
    Arrival Time: 18:49
    Meeting Time: 19:15 - 21:15
 Order 4: Meet Stephanie at Presidio
    Arrival Time: 07:29
    Meeting Time: 07:30 - 08:30
 Order 5: Meet Nancy at North Beach
    Arrival Time: 14:46
    Meeting Time: 14:46 - 15:01
 Order 6: Meet Thomas at Fisherman's Wharf
    Arrival Time: 16:01
    Meeting Time: 16:01 - 16:31
 Order 7: Meet Mary at Union Square
    Arrival Time: 16:44
    Meeting Time: 16:45 - 17:45
 Order 8: Meet Charles at The Castro
    Arrival Time: 18:02
    Meeting Time: 18:02 - 19:47
 Order 9: Meet Sarah at Alamo Square
    Arrival Time: 20:00
    Meeting Time: 20:00 - 21:45
Total friends met: 9
