Optimal meeting schedule:
 Order 0: Meet Kimberly at North Beach
    Arrival Time: 09:10
    Meeting Time: 09:10 - 09:25
 Order 1: Meet Kenneth at Nob Hill
    Arrival Time: 09:32
    Meeting Time: 12:15 - 14:00
 Order 2: Meet Joseph at Embarcadero
    Arrival Time: 14:09
    Meeting Time: 15:30 - 16:45
 Order 3: Meet Steven at Mission District
    Arrival Time: 18:40
    Meeting Time: 19:30 - 21:00
 Order 4: Meet Barbara at Alamo Square
    Arrival Time: 21:14
    Meeting Time: 21:14 - 21:29
 Order 6: Meet Brian at Fisherman's Wharf
    Arrival Time: 09:14
    Meeting Time: 09:30 - 10:15
 Order 7: Meet Joshua at Presidio
    Arrival Time: 14:16
    Meeting Time: 16:30 - 18:15
 Order 8: Meet Betty at Haight-Ashbury
    Arrival Time: 18:30
    Meeting Time: 19:00 - 20:30
Total friends met: 8
