Optimal meeting schedule:
 Order 0: Meet Joshua at Marina District
   Arrival time: 13:30
   Meeting from 13:30 to 14:15
 Order 1: Meet Betty at Sunset District
   Arrival time: 15:53
   Meeting from 15:53 to 16:53
 Order 2: Meet Kenneth at Nob Hill
   Arrival time: 17:20
   Meeting from 17:20 to 17:50
 Order 3: Meet Deborah at Chinatown
   Arrival time: 17:56
   Meeting from 17:56 to 18:11
 Order 4: Meet Steven at North Beach
   Arrival time: 18:14
   Meeting from 18:14 to 19:44
 Order 5: Meet Elizabeth at Alamo Square
   Arrival time: 20:00
   Meeting from 20:00 to 20:15
 Order 7: Meet Kimberly at Presidio
   Arrival time: 09:23
   Meeting from 15:30 to 15:45
 Order 8: Meet Daniel at Haight-Ashbury
   Arrival time: 16:00
   Meeting from 18:30 to 18:45
 Order 9: Meet Barbara at Russian Hill
   Arrival time: 19:02
   Meeting from 19:02 to 21:02
Total friends met: 9
