Optimal meeting schedule:
 Order 0: Meet Stephanie at Union Square
    Arrival Time: 10:44
    Meeting Time: 10:45 - 11:15
 Order 1: Meet Michelle at Marina District
    Arrival Time: 11:33
    Meeting Time: 11:33 - 12:48
 Order 2: Meet Linda at Golden Gate Park
    Arrival Time: 13:06
    Meeting Time: 13:06 - 14:36
 Order 3: Meet Matthew at Richmond District
    Arrival Time: 14:43
    Meeting Time: 14:43 - 14:58
 Order 4: Meet Carol at North Beach
    Arrival Time: 15:15
    Meeting Time: 15:15 - 16:45
 Order 5: Meet Jessica at The Castro
    Arrival Time: 17:07
    Meeting Time: 17:07 - 18:07
 Order 6: Meet Karen at Russian Hill
    Arrival Time: 18:25
    Meeting Time: 20:45 - 21:45
Total friends met: 7
