Optimal meeting schedule:
 Order 0: Meet Daniel at Golden Gate Park
   Arrival time: 15:21
   Meeting from 21:15 to 21:30
 Order 2: Meet William at Embarcadero
   Arrival time: 06:59
   Meeting from 07:00 to 08:30
 Order 3: Meet Stephanie at Nob Hill
   Arrival time: 08:45
   Meeting from 08:45 to 09:30
 Order 4: Meet Joseph at Alamo Square
   Arrival time: 09:41
   Meeting from 11:30 to 11:45
 Order 5: Meet Karen at Russian Hill
   Arrival time: 11:58
   Meeting from 14:30 to 15:00
 Order 6: Meet Kimberly at North Beach
   Arrival time: 15:05
   Meeting from 15:45 to 16:15
Total friends met: 6
