Optimal meeting schedule:
 Order 0: Meet Charles at Union Square
    Arrival Time: 18:31
    Meeting Time: 21:45 - 22:45
 Order 2: Meet Deborah at Golden Gate Park
    Arrival Time: 06:59
    Meeting Time: 07:00 - 08:30
 Order 3: Meet Carol at Presidio
    Arrival Time: 08:41
    Meeting Time: 08:41 - 09:11
 Order 4: Meet Kenneth at Alamo Square
    Arrival Time: 09:29
    Meeting Time: 14:00 - 16:00
 Order 5: Meet John at Pacific Heights
    Arrival Time: 17:10
    Meeting Time: 17:10 - 17:25
 Order 6: Meet Karen at Sunset District
    Arrival Time: 17:46
    Meeting Time: 17:46 - 18:01
Total friends met: 6
