Optimal meeting schedule:
 Order 0: Meet Elizabeth at Nob Hill
    Arrival Time: 12:10
    Meeting Time: 12:10 - 13:25
 Order 1: Meet Ashley at Haight-Ashbury
    Arrival Time: 14:59
    Meeting Time: 15:00 - 16:30
 Order 2: Meet Kenneth at Chinatown
    Arrival Time: 16:49
    Meeting Time: 16:49 - 18:34
 Order 3: Meet Deborah at Union Square
    Arrival Time: 18:41
    Meeting Time: 18:41 - 19:41
 Order 4: Meet Kimberly at Alamo Square
    Arrival Time: 20:30
    Meeting Time: 20:30 - 21:15
 Order 6: Meet Matthew at Presidio
    Arrival Time: 08:45
    Meeting Time: 08:45 - 09:00
 Order 7: Meet Richard at Fisherman's Wharf
    Arrival Time: 09:24
    Meeting Time: 11:00 - 12:00
 Order 8: Meet Anthony at Pacific Heights
    Arrival Time: 13:32
    Meeting Time: 14:15 - 14:45
 Order 9: Meet Jessica at Golden Gate Park
    Arrival Time: 15:00
    Meeting Time: 20:00 - 21:45
Total friends met: 9
