Optimal meeting schedule:
 Order 0: Meet Sarah at Richmond District
    Arrival time: 12:37
    Meeting from 16:15 to 18:00
 Order 1: Meet Daniel at Pacific Heights
    Arrival time: 18:10
    Meeting from 18:30 to 19:30
 Order 2: Meet Andrew at Nob Hill
    Arrival time: 19:46
    Meeting from 19:46 to 21:31
 Order 4: Meet Joshua at Haight-Ashbury
    Arrival time: 08:59
    Meeting from 09:00 to 09:15
 Order 5: Meet Joseph at Presidio
    Arrival time: 09:48
    Meeting from 09:48 to 10:33
 Order 6: Meet Betty at Marina District
    Arrival time: 10:44
    Meeting from 10:45 to 11:45
 Order 7: Meet Lisa at Financial District
    Arrival time: 12:02
    Meeting from 12:02 to 12:17
 Order 8: Meet John at The Castro
    Arrival time: 17:09
    Meeting from 17:09 to 17:54
 Order 9: Meet Melissa at Russian Hill
    Arrival time: 18:12
    Meeting from 18:12 to 20:12
Total friends met: 9
