Optimal meeting schedule:
 Order 0: Meet George at The Castro
    Arrival Time: 13:59
    Meeting Time: 14:00 - 15:15
 Order 1: Meet Emily at Sunset District
    Arrival Time: 15:44
    Meeting Time: 15:45 - 16:30
 Order 2: Meet Rebecca at Haight-Ashbury
    Arrival Time: 16:45
    Meeting Time: 16:45 - 17:45
 Order 3: Meet Margaret at Fisherman's Wharf
    Arrival Time: 18:08
    Meeting Time: 18:08 - 18:23
 Order 4: Meet Matthew at Russian Hill
    Arrival Time: 18:30
    Meeting Time: 18:30 - 20:00
 Order 6: Meet Mark at Pacific Heights
    Arrival Time: 15:00
    Meeting Time: 15:00 - 15:45
 Order 7: Meet Melissa at Golden Gate Park
    Arrival Time: 16:00
    Meeting Time: 16:00 - 17:30
Total friends met: 7
