Optimal meeting schedule:
 Order 0: Meet Sandra at Pacific Heights
   Arrival time: 09:15
   Meeting from 09:15 to 11:15
 Order 1: Meet Robert at Fisherman's Wharf
   Arrival time: 11:28
   Meeting from 11:28 to 11:43
 Order 2: Meet Kenneth at Marina District
   Arrival time: 11:52
   Meeting from 11:52 to 12:37
 Order 3: Meet Kimberly at Sunset District
   Arrival time: 12:56
   Meeting from 12:56 to 14:41
 Order 4: Meet Amanda at Golden Gate Park
   Arrival time: 14:52
   Meeting from 14:52 to 15:07
 Order 5: Meet Elizabeth at Mission District
   Arrival time: 15:24
   Meeting from 15:24 to 16:54
 Order 6: Meet David at Union Square
   Arrival time: 17:09
   Meeting from 17:09 to 17:54
 Order 7: Meet Melissa at Richmond District
   Arrival time: 18:14
   Meeting from 18:15 to 18:30
 Order 8: Meet Thomas at Bayview
   Arrival time: 19:29
   Meeting from 19:30 to 20:00
Total friends met: 9
