Optimal meeting schedule:
 Order 0: Meet Jason at Chinatown
    Arrival Time: 09:51
    Meeting Time: 09:51 - 11:06
 Order 1: Meet Mark at Marina District
    Arrival Time: 11:18
    Meeting Time: 11:18 - 12:33
 Order 2: Meet Kimberly at Embarcadero
    Arrival Time: 12:47
    Meeting Time: 12:47 - 14:02
 Order 3: Meet Kenneth at North Beach
    Arrival Time: 14:07
    Meeting Time: 14:07 - 14:37
 Order 4: Meet Stephanie at Union Square
    Arrival Time: 14:44
    Meeting Time: 14:45 - 16:30
 Order 5: Meet Steven at Financial District
    Arrival Time: 16:39
    Meeting Time: 16:39 - 17:39
 Order 6: Meet Jessica at Nob Hill
    Arrival Time: 17:47
    Meeting Time: 17:47 - 19:17
 Order 7: Meet Brian at Russian Hill
    Arrival Time: 19:22
    Meeting Time: 19:22 - 20:22
 Order 8: Meet Karen at Haight-Ashbury
    Arrival Time: 20:39
    Meeting Time: 21:00 - 21:45
Total friends met: 9
