Optimal meeting schedule:
 Order 0: Meet Joshua at Presidio
    Arrival Time: 09:20
    Meeting Time: 09:20 to 11:05
 Order 1: Meet David at Embarcadero
    Arrival Time: 12:00
    Meeting Time: 12:00 to 12:30
 Order 2: Meet Kimberly at Haight-Ashbury
    Arrival Time: 16:59
    Meeting Time: 16:59 to 18:14
 Order 3: Meet Laura at Sunset District
    Arrival Time: 18:34
    Meeting Time: 18:34 to 20:04
 Order 4: Meet Lisa at Golden Gate Park
    Arrival Time: 20:15
    Meeting Time: 20:15 to 21:00
 Order 6: Meet Ronald at Richmond District
    Arrival Time: 07:59
    Meeting Time: 08:00 to 09:30
 Order 7: Meet Stephanie at Alamo Square
    Arrival Time: 11:23
    Meeting Time: 15:30 to 16:00
 Order 8: Meet Helen at Financial District
    Arrival Time: 16:17
    Meeting Time: 17:30 to 18:15
 Order 9: Meet Elizabeth at Marina District
    Arrival Time: 18:30
    Meeting Time: 19:00 to 20:45
Total friends met: 9
