Optimal meeting schedule:
 Order 0: Meet Stephanie at Haight-Ashbury
    Arrival time: 11:00
    Meeting from 11:00 to 12:15
 Order 1: Meet Robert at Financial District
    Arrival time: 13:14
    Meeting from 13:15 to 14:00
 Order 2: Meet James at Presidio
    Arrival time: 14:59
    Meeting from 15:00 to 17:00
 Order 3: Meet Sarah at Golden Gate Park
    Arrival time: 17:12
    Meeting from 17:12 to 18:27
 Order 4: Meet Melissa at Richmond District
    Arrival time: 18:34
    Meeting from 18:34 to 19:04
 Order 5: Meet Elizabeth at Union Square
    Arrival time: 19:25
    Meeting from 19:25 to 20:25
 Order 7: Meet Nancy at Nob Hill
    Arrival time: 08:14
    Meeting from 08:15 to 09:45
 Order 8: Meet David at Marina District
    Arrival time: 11:14
    Meeting from 11:15 to 13:15
 Order 9: Meet Brian at Embarcadero
    Arrival time: 14:03
    Meeting from 14:15 to 16:00
Total friends met: 9
