Optimal meeting schedule:
 Order 0: Meet Barbara at Alamo Square
    Arrival time: 12:00
    Meeting from 17:00 to 19:00
 Order 1: Meet Laura at Sunset District
    Arrival time: 19:16
    Meeting from 19:16 to 20:31
 Order 2: Meet Michelle at Golden Gate Park
    Arrival time: 20:42
    Meeting from 20:42 to 20:57
 Order 4: Meet Helen at North Beach
    Arrival time: 09:18
    Meeting from 11:00 to 11:45
 Order 5: Meet Emily at Fisherman's Wharf
    Arrival time: 16:14
    Meeting from 16:15 to 16:45
 Order 6: Meet Mary at Nob Hill
    Arrival time: 17:29
    Meeting from 17:30 to 18:15
 Order 7: Meet Mark at Marina District
    Arrival time: 18:26
    Meeting from 18:26 to 19:41
Total friends met: 7
