Optimal meeting schedule:
 Order 0: Meet Karen at The Castro
    Arrival Time: 09:20
    Meeting Time: 17:00 - 17:45
 Order 1: Meet Nancy at Presidio
    Arrival Time: 19:18
    Meeting Time: 19:18 - 19:48
 Order 2: Meet Jeffrey at Pacific Heights
    Arrival Time: 19:59
    Meeting Time: 20:00 - 20:45
 Order 4: Meet Matthew at Russian Hill
    Arrival Time: 16:33
    Meeting Time: 16:33 - 17:48
 Order 5: Meet Carol at Union Square
    Arrival Time: 17:59
    Meeting Time: 18:00 - 20:00
 Order 6: Meet Patricia at Chinatown
    Arrival Time: 20:08
    Meeting Time: 20:08 - 21:23
Total friends met: 6
