Optimal meeting schedule:
 Order 0: Meet Jason at Marina District
    Arrival Time: 15:20
    Meeting Time: 15:20 - 17:20
 Order 1: Meet Sarah at Pacific Heights
    Arrival Time: 17:29
    Meeting Time: 17:30 - 18:15
 Order 2: Meet Mark at Fisherman's Wharf
    Arrival Time: 18:28
    Meeting Time: 18:28 - 19:58
 Order 4: Meet Nancy at Nob Hill
    Arrival Time: 09:08
    Meeting Time: 09:45 - 10:30
 Order 5: Meet Jessica at Russian Hill
    Arrival Time: 11:22
    Meeting Time: 11:22 - 13:22
 Order 6: Meet Rebecca at Sunset District
    Arrival Time: 13:45
    Meeting Time: 13:45 - 15:00
 Order 7: Meet John at North Beach
    Arrival Time: 17:13
    Meeting Time: 17:13 - 17:28
 Order 8: Meet Karen at Chinatown
    Arrival Time: 17:34
    Meeting Time: 17:34 - 18:49
 Order 9: Meet Amanda at The Castro
    Arrival Time: 19:11
    Meeting Time: 20:00 - 21:00
Total friends met: 9
