Optimal meeting schedule:
 Order 0: Meet Mark at Russian Hill
    Arrival time: 13:51
    Meeting from 13:51 to 15:06
 Order 1: Meet Linda at Sunset District
    Arrival time: 15:29
    Meeting from 15:30 to 16:00
 Order 2: Meet William at Mission District
    Arrival time: 16:24
    Meeting from 16:24 to 16:54
 Order 3: Meet Elizabeth at Haight-Ashbury
    Arrival time: 17:16
    Meeting from 17:16 to 19:01
 Order 4: Meet Rebecca at Presidio
    Arrival time: 19:16
    Meeting from 19:16 to 20:16
 Order 5: Meet Robert at Golden Gate Park
    Arrival time: 20:28
    Meeting from 20:28 to 21:13
Total friends met: 6
