Found a valid itinerary:
Day 01: Brussels
Day 02: London (Flight: Brussels -> London)
Day 03: London
Day 04: Venice (Flight: London -> Venice)
Day 05: Venice
Day 06: Santorini (Flight: Venice -> Santorini)
Day 07: Santorini
Day 08: Madrid (Flight: Santorini -> Madrid)
Day 09: Madrid
Day 10: Madrid
Day 11: Madrid
Day 12: Lisbon (Flight: Madrid -> Lisbon)
Day 13: Lisbon
Day 14: Lisbon
Day 15: Reykjavik (Flight: Lisbon -> Reykjavik)
Day 16: Reykjavik
Day 17: Reykjavik

City day contributions:
Venice    : 3
London    : 3
Lisbon    : 4
Brussels  : 2
Reykjavik : 3
Santorini : 3
Madrid    : 5
