Found a valid itinerary:
Day 01: Valencia
Day 02: Valencia
Day 03: Valencia
Day 04: Naples (Flight: Valencia -> Naples)
Day 05: Naples
Day 06: Naples
Day 07: Manchester (Flight: Naples -> Manchester)
Day 08: Manchester
Day 09: Manchester
Day 10: Oslo (Flight: Manchester -> Oslo)
Day 11: Oslo
Day 12: Vilnius (Flight: Oslo -> Vilnius)
Day 13: Frankfurt (Flight: Vilnius -> Frankfurt)
Day 14: Frankfurt
Day 15: Frankfurt
Day 16: Frankfurt

City day contributions:
Frankfurt   : 4
Manchester  : 4
Valencia    : 4
Naples      : 4
Oslo        : 3
Vilnius     : 2
