Found a valid itinerary:
Day  1: Mykonos
Day  2: Mykonos
Day  3: Zurich (Flight: Mykonos -> Zurich)
Day  4: Zurich
Day  5: Zurich
Day  6: Zurich
Day  7: Prague (Flight: Zurich -> Prague)
Day  8: Prague
Day  9: Valencia (Flight: Prague -> Valencia)
Day 10: Valencia
Day 11: Valencia
Day 12: Valencia
Day 13: Bucharest (Flight: Valencia -> Bucharest)
Day 14: Bucharest
Day 15: Bucharest
Day 16: Bucharest
Day 17: Riga (Flight: Bucharest -> Riga)
Day 18: Riga
Day 19: Riga
Day 20: Riga
Day 21: Nice (Flight: Riga -> Nice)
Day 22: Nice

City day contributions:
Valencia: 5
Riga: 5
Prague: 3
Mykonos: 3
Zurich: 5
Bucharest: 5
Nice: 2
