Found a valid itinerary:
Day 01: Salzburg
Day 02: Hamburg (Flight: Salzburg -> Hamburg)
Day 03: Hamburg
Day 04: Hamburg
Day 05: Zurich (Flight: Hamburg -> Zurich)
Day 06: Zurich
Day 07: Zurich
Day 08: Zurich
Day 09: Nice (Flight: Zurich -> Nice)
Day 10: Nice
Day 11: Venice (Flight: Nice -> Venice)
Day 12: Venice
Day 13: Venice
Day 14: Venice
Day 15: Copenhagen (Flight: Venice -> Copenhagen)
Day 16: Copenhagen
Day 17: Copenhagen
Day 18: Bucharest (Flight: Copenhagen -> Bucharest)
Day 19: Bucharest
Day 20: Bucharest
Day 21: Brussels (Flight: Bucharest -> Brussels)
Day 22: Naples (Flight: Brussels -> Naples)
Day 23: Naples
Day 24: Naples
Day 25: Naples

City day contributions:
Salzburg  : 2
Venice    : 5
Bucharest : 4
Brussels  : 2
Hamburg   : 4
Copenhagen: 4
Nice      : 3
Zurich    : 5
Naples    : 4
