Found a valid itinerary:
Day 01: Tallinn
Day 02: Tallinn
Day 03: Tallinn
Day 04: Tallinn
Day 05: Vilnius (Flight: Tallinn -> Vilnius)
Day 06: Vilnius
Day 07: Vilnius
Day 08: Vilnius
Day 09: Helsinki (Flight: Vilnius -> Helsinki)
Day 10: Budapest (Flight: Helsinki -> Budapest)
Day 11: Budapest
Day 12: Budapest
Day 13: Budapest
Day 14: Edinburgh (Flight: Budapest -> Edinburgh)
Day 15: Edinburgh
Day 16: Geneva (Flight: Edinburgh -> Geneva)
Day 17: Geneva
Day 18: Geneva
Day 19: Porto (Flight: Geneva -> Porto)
Day 20: Porto
Day 21: Porto
Day 22: Porto
Day 23: Oslo (Flight: Porto -> Oslo)
Day 24: Riga (Flight: Oslo -> Riga)
Day 25: Riga

City day contributions:
Oslo      : 2
Helsinki  : 2
Edinburgh : 3
Riga      : 2
Tallinn   : 5
Budapest  : 5
Vilnius   : 5
Porto     : 5
Geneva    : 4
