Found a valid itinerary:
Day  1: In Manchester
Day  2: In Manchester
Day  3: In Venice (Flight: Manchester -> Venice)
Day  4: In Venice
Day  5: In Venice
Day  6: In Venice
Day  7: In Venice
Day  8: In Venice
Day  9: In Lyon (Flight: Venice -> Lyon)
Day 10: In Istanbul (Flight: Lyon -> Istanbul)
Day 11: In Istanbul
Day 12: In Istanbul
Day 13: In Istanbul
Day 14: In Istanbul
Day 15: In Istanbul
Day 16: In Krakow (Flight: Istanbul -> Krakow)
Day 17: In Krakow
Day 18: In Krakow
Day 19: In Krakow
Day 20: In Krakow
Day 21: In Krakow

City day counts:
Manchester: 3
Istanbul: 7
Venice: 7
Krakow: 6
Lyon: 2
