Found a valid itinerary:
Day  1: In Istanbul
Day  2: In Vienna (Flight: Istanbul -> Vienna)
Day  3: In Vienna
Day  4: In Vienna
Day  5: In Vienna
Day  6: In Prague (Flight: Vienna -> Prague)
Day  7: In Prague
Day  8: In Prague
Day  9: In Prague
Day 10: In Split (Flight: Prague -> Split)
Day 11: In Split
Day 12: In Amsterdam (Flight: Split -> Amsterdam)
Day 13: In Amsterdam
Day 14: In Riga (Flight: Amsterdam -> Riga)
Day 15: In Stockholm (Flight: Riga -> Stockholm)
Day 16: In Brussels (Flight: Stockholm -> Brussels)
Day 17: In Seville (Flight: Brussels -> Seville)
Day 18: In Seville
Day 19: In Munich (Flight: Seville -> Munich)
Day 20: In Munich

City day counts:
Prague: 5
Brussels: 2
Riga: 2
Munich: 2
Seville: 3
Stockholm: 2
Istanbul: 2
Amsterdam: 3
Vienna: 5
Split: 3
