Found a valid itinerary:
Day 01: Copenhagen
Day 02: Copenhagen
Day 03: Tallinn (Flight: Copenhagen -> Tallinn)
Day 04: Tallinn
Day 05: Tallinn
Day 06: Oslo (Flight: Tallinn -> Oslo)
Day 07: Oslo
Day 08: Oslo
Day 09: Oslo
Day 10: London (Flight: Oslo -> London)
Day 11: Mykonos (Flight: London -> Mykonos)
Day 12: Mykonos
Day 13: Mykonos
Day 14: Nice (Flight: Mykonos -> Nice)
Day 15: Nice
Day 16: Nice

City day contributions:
Mykonos   : 4
Nice      : 3
London    : 2
Copenhagen: 3
Oslo      : 5
Tallinn   : 4
