Found a valid itinerary:
Day  1: Bucharest
Day  2: Bucharest
Day  3: Bucharest
Day  4: Munich (Flight: Bucharest -> Munich)
Day  5: Munich
Day  6: Munich
Day  7: Munich
Day  8: Seville (Flight: Munich -> Seville)
Day  9: Seville
Day 10: Seville
Day 11: Seville
Day 12: Milan (Flight: Seville -> Milan)
Day 13: Stockholm (Flight: Milan -> Stockholm)
Day 14: Stockholm
Day 15: Stockholm
Day 16: Stockholm
Day 17: Tallinn (Flight: Stockholm -> Tallinn)
Day 18: Tallinn

City day contributions:
Tallinn: 2
Bucharest: 4
Seville: 5
Stockholm: 5
Munich: 5
Milan: 2
