Found a valid itinerary:
Day  1: Tallinn
Day  2: Tallinn
Day  3: Tallinn
Day  4: Berlin (Flight: Tallinn -> Berlin)
Day  5: Berlin
Day  6: Berlin
Day  7: Berlin
Day  8: Split (Flight: Berlin -> Split)
Day  9: Split
Day 10: Lyon (Flight: Split -> Lyon)
Day 11: Lyon
Day 12: Lyon
Day 13: Lyon
Day 14: Bucharest (Flight: Lyon -> Bucharest)
Day 15: Bucharest
Day 16: Riga (Flight: Bucharest -> Riga)
Day 17: Riga
Day 18: Riga
Day 19: Riga
Day 20: Lisbon (Flight: Riga -> Lisbon)
Day 21: Lisbon
Day 22: Lisbon

City day counts:
Berlin: 5
Split: 3
Bucharest: 3
Riga: 5
Lisbon: 3
Tallinn: 4
Lyon: 5
