Found a valid itinerary:
Day  1: Reykjavik
Day  2: Reykjavik
Day  3: Reykjavik
Day  4: Stuttgart (Flight: Reykjavik -> Stuttgart)
Day  5: Stuttgart
Day  6: Stuttgart
Day  7: Valencia (Flight: Stuttgart -> Valencia)
Day  8: Valencia
Day  9: Valencia
Day 10: Valencia
Day 11: Seville (Flight: Valencia -> Seville)
Day 12: Seville
Day 13: Munich (Flight: Seville -> Munich)
Day 14: Munich
Day 15: Geneva (Flight: Munich -> Geneva)
Day 16: Geneva
Day 17: Geneva
Day 18: Geneva
Day 19: Istanbul (Flight: Geneva -> Istanbul)
Day 20: Istanbul
Day 21: Istanbul
Day 22: Vilnius (Flight: Istanbul -> Vilnius)
Day 23: Vilnius
Day 24: Vilnius
Day 25: Vilnius

City day contributions:
Stuttgart: 4
Istanbul: 4
Vilnius: 4
Seville: 3
Geneva: 5
Valencia: 5
Munich: 3
Reykjavik: 4
