Found a valid itinerary:
Day 01: Bucharest
Day 02: Bucharest
Day 03: Bucharest
Day 04: Bucharest
Day 05: Istanbul (Flight: Bucharest -> Istanbul)
Day 06: Istanbul
Day 07: Istanbul
Day 08: Oslo (Flight: Istanbul -> Oslo)
Day 09: Reykjavik (Flight: Oslo -> Reykjavik)
Day 10: Reykjavik
Day 11: Reykjavik
Day 12: Reykjavik
Day 13: Stuttgart (Flight: Reykjavik -> Stuttgart)
Day 14: Stuttgart
Day 15: Edinburgh (Flight: Stuttgart -> Edinburgh)
Day 16: Edinburgh
Day 17: Edinburgh
Day 18: Edinburgh
Day 19: Edinburgh

City day contributions:
Reykjavik   : 5
Istanbul    : 4
Edinburgh   : 5
Oslo        : 2
Stuttgart   : 3
Bucharest   : 5
