Found a valid itinerary:
Day  1: In Berlin
Day  2: In Riga (Flight: Berlin -> Riga)
Day  3: In Milan (Flight: Riga -> Milan)
Day  4: In Milan
Day  5: In Seville (Flight: Milan -> Seville)
Day  6: In Seville
Day  7: In Paris (Flight: Seville -> Paris)
Day  8: In Paris
Day  9: In Paris
Day 10: In Paris
Day 11: In Lyon (Flight: Paris -> Lyon)
Day 12: In Lyon
Day 13: In Nice (Flight: Lyon -> Nice)
Day 14: In Naples (Flight: Nice -> Naples)
Day 15: In Naples
Day 16: In Naples
Day 17: In Zurich (Flight: Naples -> Zurich)
Day 18: In Zurich
Day 19: In Zurich
Day 20: In Zurich
Day 21: In Stockholm (Flight: Zurich -> Stockholm)
Day 22: In Stockholm
Day 23: In Stockholm

City day counts:
Lyon: 3
Paris: 5
Riga: 2
Berlin: 2
Stockholm: 3
Zurich: 5
Nice: 2
Seville: 3
Milan: 3
Naples: 4
