Found a valid itinerary:
Day  1: Florence
Day  2: Florence
Day  3: Florence
Day  4: Florence
Day  5: Prague (Flight: Florence -> Prague)
Day  6: Prague
Day  7: Prague
Day  8: Tallinn (Flight: Prague -> Tallinn)
Day  9: Tallinn
Day 10: Tallinn
Day 11: Tallinn
Day 12: Frankfurt (Flight: Tallinn -> Frankfurt)
Day 13: Frankfurt
Day 14: Frankfurt
Day 15: Frankfurt
Day 16: Bucharest (Flight: Frankfurt -> Bucharest)
Day 17: Bucharest
Day 18: Zurich (Flight: Bucharest -> Zurich)
Day 19: Zurich
Day 20: Zurich
Day 21: Zurich
Day 22: Venice (Flight: Zurich -> Venice)
Day 23: Venice
Day 24: Venice
Day 25: Venice
Day 26: Venice

City day contributions:
Bucharest: 3
Venice: 5
Prague: 4
Frankfurt: 5
Zurich: 5
Florence: 5
Tallinn: 5
