Found a valid itinerary:
Day 01: Porto
Day 02: Porto
Day 03: Munich (Flight: Porto -> Munich)
Day 04: Munich
Day 05: Munich
Day 06: Munich
Day 07: Nice (Flight: Munich -> Nice)
Day 08: Nice
Day 09: Nice
Day 10: Nice
Day 11: Warsaw (Flight: Nice -> Warsaw)
Day 12: Warsaw
Day 13: Paris (Flight: Warsaw -> Paris)
Day 14: Paris
Day 15: Paris
Day 16: Paris
Day 17: Florence (Flight: Paris -> Florence)
Day 18: Florence
Day 19: Vienna (Flight: Florence -> Vienna)
Day 20: Vienna

City day contributions:
Paris   : 5
Florence: 3
Vienna  : 2
Porto   : 3
Munich  : 5
Nice    : 5
Warsaw  : 3
