Found a valid itinerary:
Day  1: Krakow
Day  2: Krakow
Day  3: Krakow
Day  4: Krakow
Day  5: Stockholm (Flight: Krakow -> Stockholm)
Day  6: Stockholm
Day  7: Santorini (Flight: Stockholm -> Santorini)
Day  8: Oslo (Flight: Santorini -> Oslo)
Day  9: Oslo
Day 10: Oslo
Day 11: Oslo
Day 12: Frankfurt (Flight: Oslo -> Frankfurt)
Day 13: Frankfurt
Day 14: Frankfurt
Day 15: Florence (Flight: Frankfurt -> Florence)
Day 16: Munich (Flight: Florence -> Munich)
Day 17: Munich
Day 18: Munich
Day 19: Munich
Day 20: Hamburg (Flight: Munich -> Hamburg)
Day 21: Hamburg
Day 22: Hamburg
Day 23: Hamburg
Day 24: Istanbul (Flight: Hamburg -> Istanbul)
Day 25: Istanbul
Day 26: Istanbul
Day 27: Istanbul
Day 28: Vilnius (Flight: Istanbul -> Vilnius)
Day 29: Vilnius
Day 30: Vilnius
Day 31: Vilnius
Day 32: Vilnius

City day contributions:
Stockholm: 3
Hamburg: 5
Florence: 2
Istanbul: 5
Oslo: 5
Vilnius: 5
Santorini: 2
Munich: 5
Frankfurt: 4
Krakow: 5
