Found a valid itinerary:
Day  1: Venice
Day  2: Venice
Day  3: Venice
Day  4: Venice
Day  5: Edinburgh (Flight: Venice -> Edinburgh)
Day  6: Edinburgh
Day  7: Edinburgh
Day  8: Krakow (Flight: Edinburgh -> Krakow)
Day  9: Krakow
Day 10: Krakow
Day 11: Stuttgart (Flight: Krakow -> Stuttgart)
Day 12: Stuttgart
Day 13: Split (Flight: Stuttgart -> Split)
Day 14: Athens (Flight: Split -> Athens)
Day 15: Athens
Day 16: Athens
Day 17: Mykonos (Flight: Athens -> Mykonos)
Day 18: Mykonos
Day 19: Mykonos
Day 20: Mykonos

City day contributions:
Stuttgart: 3
Edinburgh: 4
Athens: 4
Split: 2
Krakow: 4
Venice: 5
Mykonos: 4
