Found a valid itinerary:
Day  1: Geneva
Day  2: Geneva
Day  3: Geneva
Day  4: Munich (Flight: Geneva -> Munich)
Day  5: Munich
Day  6: Munich
Day  7: Munich
Day  8: Munich
Day  9: Munich
Day 10: Bucharest (Flight: Munich -> Bucharest)
Day 11: Valencia (Flight: Bucharest -> Valencia)
Day 12: Valencia
Day 13: Valencia
Day 14: Valencia
Day 15: Valencia
Day 16: Stuttgart (Flight: Valencia -> Stuttgart)
Day 17: Stuttgart

City day contributions:
Stuttgart: 2
Bucharest: 2
Geneva: 4
Valencia: 6
Munich: 7
