Found a valid itinerary:
Day  1: Paris
Day  2: Florence (Flight: Paris -> Florence)
Day  3: Florence
Day  4: Florence
Day  5: Florence
Day  6: Barcelona (Flight: Florence -> Barcelona)
Day  7: Barcelona
Day  8: Barcelona
Day  9: Barcelona
Day 10: Tallinn (Flight: Barcelona -> Tallinn)
Day 11: Vilnius (Flight: Tallinn -> Vilnius)
Day 12: Vilnius
Day 13: Amsterdam (Flight: Vilnius -> Amsterdam)
Day 14: Venice (Flight: Amsterdam -> Venice)
Day 15: Venice
Day 16: Warsaw (Flight: Venice -> Warsaw)
Day 17: Warsaw
Day 18: Warsaw
Day 19: Hamburg (Flight: Warsaw -> Hamburg)
Day 20: Hamburg
Day 21: Hamburg
Day 22: Salzburg (Flight: Hamburg -> Salzburg)
Day 23: Salzburg
Day 24: Salzburg
Day 25: Salzburg

City day contributions:
Warsaw: 4
Venice: 3
Vilnius: 3
Salzburg: 4
Amsterdam: 2
Barcelona: 5
Paris: 2
Hamburg: 4
Florence: 5
Tallinn: 2
