Found a valid itinerary:
Day 01: Dubrovnik
Day 02: Dubrovnik
Day 03: Dubrovnik
Day 04: Helsinki (Flight: Dubrovnik -> Helsinki)
Day 05: Helsinki
Day 06: Helsinki
Day 07: Reykjavik (Flight: Helsinki -> Reykjavik)
Day 08: Reykjavik
Day 09: Reykjavik
Day 10: Prague (Flight: Reykjavik -> Prague)
Day 11: Prague
Day 12: Valencia (Flight: Prague -> Valencia)
Day 13: Valencia
Day 14: Valencia
Day 15: Valencia
Day 16: Porto (Flight: Valencia -> Porto)
Day 17: Porto
Day 18: Porto

City day contributions:
Helsinki  : 4
Valencia  : 5
Dubrovnik : 4
Porto     : 3
Prague    : 3
Reykjavik : 4
