Found a valid itinerary:
Day  1: Stuttgart
Day  2: Stuttgart
Day  3: Stuttgart
Day  4: Split (Flight: Stuttgart -> Split)
Day  5: Split
Day  6: Helsinki (Flight: Split -> Helsinki)
Day  7: Helsinki
Day  8: Helsinki
Day  9: Helsinki
Day 10: Brussels (Flight: Helsinki -> Brussels)
Day 11: Brussels
Day 12: Brussels
Day 13: Bucharest (Flight: Brussels -> Bucharest)
Day 14: Bucharest
Day 15: London (Flight: Bucharest -> London)
Day 16: London
Day 17: London
Day 18: London
Day 19: Mykonos (Flight: London -> Mykonos)
Day 20: Madrid (Flight: Mykonos -> Madrid)
Day 21: Madrid

City day contributions:
Brussels: 4
Bucharest: 3
Stuttgart: 4
Mykonos: 2
Madrid: 2
Helsinki: 5
Split: 3
London: 5
