Found a valid itinerary:
Day  1: Barcelona
Day  2: Barcelona
Day  3: Oslo (Flight: Barcelona -> Oslo)
Day  4: Venice (Flight: Oslo -> Venice)
Day  5: Venice
Day  6: Venice
Day  7: Brussels (Flight: Venice -> Brussels)
Day  8: Brussels
Day  9: Copenhagen (Flight: Brussels -> Copenhagen)
Day 10: Copenhagen
Day 11: Split (Flight: Copenhagen -> Split)
Day 12: Split
Day 13: Split
Day 14: Stuttgart (Flight: Split -> Stuttgart)
Day 15: Stuttgart
Day 16: Stuttgart

City day counts:
Oslo: 2
Stuttgart: 3
Venice: 4
Split: 4
Barcelona: 3
Brussels: 3
Copenhagen: 3
