Found a valid itinerary:
Day 01: Venice
Day 02: Venice
Day 03: Venice
Day 04: Venice
Day 05: Stuttgart (Flight: Venice -> Stuttgart)
Day 06: Stuttgart
Day 07: Stockholm (Flight: Stuttgart -> Stockholm)
Day 08: Barcelona (Flight: Stockholm -> Barcelona)
Day 09: Florence (Flight: Barcelona -> Florence)
Day 10: Florence
Day 11: Florence
Day 12: Frankfurt (Flight: Florence -> Frankfurt)
Day 13: Frankfurt
Day 14: Frankfurt
Day 15: Salzburg (Flight: Frankfurt -> Salzburg)
Day 16: Salzburg
Day 17: Salzburg
Day 18: Salzburg

City day contributions:
Salzburg  : 4
Stockholm : 2
Venice    : 5
Frankfurt : 4
Florence  : 4
Barcelona : 2
Stuttgart : 3
