Found a valid itinerary:
Day  1: In Bucharest
Day  2: In Frankfurt (Flight: Bucharest -> Frankfurt)
Day  3: In Frankfurt
Day  4: In Frankfurt
Day  5: In Frankfurt
Day  6: In Venice (Flight: Frankfurt -> Venice)
Day  7: In Venice
Day  8: In Venice
Day  9: In Nice (Flight: Venice -> Nice)
Day 10: In Nice
Day 11: In Mykonos (Flight: Nice -> Mykonos)
Day 12: In Rome (Flight: Mykonos -> Rome)
Day 13: In Rome
Day 14: In Seville (Flight: Rome -> Seville)
Day 15: In Seville
Day 16: In Seville
Day 17: In Seville
Day 18: In Dublin (Flight: Seville -> Dublin)
Day 19: In Lisbon (Flight: Dublin -> Lisbon)
Day 20: In Stuttgart (Flight: Lisbon -> Stuttgart)
Day 21: In Stuttgart
Day 22: In Stuttgart
Day 23: In Stuttgart

City day counts:
Rome: 3
Mykonos: 2
Lisbon: 2
Frankfurt: 5
Nice: 3
Stuttgart: 4
Venice: 4
Dublin: 2
Bucharest: 2
Seville: 5
