Found a valid itinerary:
Day  1: Paris
Day  2: Krakow (Flight: Paris -> Krakow)
Day  3: Krakow
Day  4: Barcelona (Flight: Krakow -> Barcelona)
Day  5: Riga (Flight: Barcelona -> Riga)
Day  6: Riga
Day  7: Riga
Day  8: Vienna (Flight: Riga -> Vienna)
Day  9: Vienna
Day 10: Vienna
Day 11: Hamburg (Flight: Vienna -> Hamburg)
Day 12: Edinburgh (Flight: Hamburg -> Edinburgh)
Day 13: Edinburgh
Day 14: Edinburgh
Day 15: Stockholm (Flight: Edinburgh -> Stockholm)
Day 16: Stockholm

City day counts:
Vienna: 4
Barcelona: 2
Edinburgh: 4
Krakow: 3
Riga: 4
Hamburg: 2
Paris: 2
Stockholm: 2
