Found a valid itinerary:
Day  1: Edinburgh
Day  2: Edinburgh
Day  3: Edinburgh
Day  4: Edinburgh
Day  5: Krakow (Flight: Edinburgh -> Krakow)
Day  6: Krakow
Day  7: Krakow
Day  8: Barcelona (Flight: Krakow -> Barcelona)
Day  9: Barcelona
Day 10: Barcelona
Day 11: Barcelona
Day 12: Budapest (Flight: Barcelona -> Budapest)
Day 13: Budapest
Day 14: Budapest
Day 15: Budapest
Day 16: Munich (Flight: Budapest -> Munich)
Day 17: Munich
Day 18: Stockholm (Flight: Munich -> Stockholm)
Day 19: Vienna (Flight: Stockholm -> Vienna)
Day 20: Vienna
Day 21: Vienna
Day 22: Vienna
Day 23: Bucharest (Flight: Vienna -> Bucharest)
Day 24: Warsaw (Flight: Bucharest -> Warsaw)
Day 25: Warsaw
Day 26: Warsaw
Day 27: Warsaw
Day 28: Riga (Flight: Warsaw -> Riga)
Day 29: Riga
Day 30: Riga
Day 31: Riga
Day 32: Riga

City day contributions:
Bucharest: 2
Krakow: 4
Munich: 3
Barcelona: 5
Warsaw: 5
Budapest: 5
Stockholm: 2
Riga: 5
Edinburgh: 5
Vienna: 5
