Found a valid itinerary:
Day 01: London
Day 02: London
Day 03: Prague (Flight: London -> Prague)
Day 04: Prague
Day 05: Lisbon (Flight: Prague -> Lisbon)
Day 06: Lisbon
Day 07: Lisbon
Day 08: Lisbon
Day 09: Athens (Flight: Lisbon -> Athens)
Day 10: Athens
Day 11: Dubrovnik (Flight: Athens -> Dubrovnik)
Day 12: Dubrovnik
Day 13: Dublin (Flight: Dubrovnik -> Dublin)
Day 14: Dublin
Day 15: Seville (Flight: Dublin -> Seville)
Day 16: Porto (Flight: Seville -> Porto)
Day 17: Porto
Day 18: Porto
Day 19: Porto
Day 20: Warsaw (Flight: Porto -> Warsaw)
Day 21: Warsaw
Day 22: Warsaw
Day 23: Vilnius (Flight: Warsaw -> Vilnius)
Day 24: Vilnius
Day 25: Vilnius
Day 26: Vilnius

City day contributions:
Prague      : 3
Warsaw      : 4
Dublin      : 3
Athens      : 3
Vilnius     : 4
Porto       : 5
London      : 3
Seville     : 2
Lisbon      : 5
Dubrovnik   : 3
