Found a valid itinerary:
Day  1: Hamburg
Day  2: Hamburg
Day  3: Hamburg
Day  4: Hamburg
Day  5: Porto (Flight: Hamburg -> Porto)
Day  6: Frankfurt (Flight: Porto -> Frankfurt)
Day  7: Geneva (Flight: Frankfurt -> Geneva)
Day  8: Geneva
Day  9: Mykonos (Flight: Geneva -> Mykonos)
Day 10: Mykonos
Day 11: Naples (Flight: Mykonos -> Naples)
Day 12: Naples
Day 13: Naples
Day 14: Naples
Day 15: Manchester (Flight: Naples -> Manchester)
Day 16: Manchester
Day 17: Manchester
Day 18: Manchester

City day counts:
Porto: 2
Geneva: 3
Mykonos: 3
Manchester: 4
Hamburg: 5
Naples: 5
Frankfurt: 2
