Found a valid itinerary:
Day 01: Tallinn
Day 02: Prague (Flight: Tallinn -> Prague)
Day 03: Prague
Day 04: Lisbon (Flight: Prague -> Lisbon)
Day 05: Copenhagen (Flight: Lisbon -> Copenhagen)
Day 06: Copenhagen
Day 07: Copenhagen
Day 08: Copenhagen
Day 09: Dubrovnik (Flight: Copenhagen -> Dubrovnik)
Day 10: Dubrovnik
Day 11: Dubrovnik
Day 12: Dubrovnik
Day 13: Stockholm (Flight: Dubrovnik -> Stockholm)
Day 14: Stockholm
Day 15: Stockholm
Day 16: Split (Flight: Stockholm -> Split)
Day 17: Split
Day 18: Lyon (Flight: Split -> Lyon)
Day 19: Lyon

City day contributions:
Lisbon      : 2
Dubrovnik   : 5
Copenhagen  : 5
Prague      : 3
Tallinn     : 2
Stockholm   : 4
Split       : 3
Lyon        : 2
