Found a valid itinerary:
Day  1: Reykjavik
Day  2: Reykjavik
Day  3: Reykjavik
Day  4: Prague (Flight: Reykjavik -> Prague)
Day  5: Prague
Day  6: Prague
Day  7: Munich (Flight: Prague -> Munich)
Day  8: Munich
Day  9: Munich
Day 10: Porto (Flight: Munich -> Porto)
Day 11: Porto
Day 12: Porto
Day 13: Porto
Day 14: Amsterdam (Flight: Porto -> Amsterdam)
Day 15: Santorini (Flight: Amsterdam -> Santorini)
Day 16: Santorini

City day contributions:
Porto     : 5
Prague    : 4
Reykjavik : 4
Santorini : 2
Amsterdam : 2
Munich    : 4
