Found a valid itinerary:
Day  1: Geneva
Day  2: Geneva
Day  3: Geneva
Day  4: Geneva
Day  5: Geneva
Day  6: Geneva
Day  7: Porto (Flight: Geneva -> Porto)
Day  8: Porto
Day  9: Porto
Day 10: Porto
Day 11: Porto
Day 12: Porto
Day 13: Paris (Flight: Porto -> Paris)
Day 14: Paris
Day 15: Paris
Day 16: Paris
Day 17: Paris
Day 18: Oslo (Flight: Paris -> Oslo)
Day 19: Oslo
Day 20: Oslo
Day 21: Oslo
Day 22: Reykjavik (Flight: Oslo -> Reykjavik)
Day 23: Reykjavik

City day contributions:
Paris: 6
Oslo: 5
Porto: 7
Geneva: 7
Reykjavik: 2
