Found a valid itinerary:
Day  1: Stay in Porto.
Day  2: Stay in Porto.
Day  3: Stay in Porto.
Day  4: Stay in Porto.
Day  5: Flight day – departing Porto and arriving Amsterdam.
Day  6: Stay in Amsterdam.
Day  7: Stay in Amsterdam.
Day  8: Flight day – departing Amsterdam and arriving Helsinki.
Day  9: Stay in Helsinki.
Day 10: Stay in Helsinki.
Day 11: Flight day – departing Helsinki and arriving Reykjavik.
Day 12: Stay in Reykjavik.
Day 13: Stay in Reykjavik.
Day 14: Stay in Reykjavik.
Day 15: Flight day – departing Reykjavik and arriving Warsaw.
Day 16: Stay in Warsaw.
Day 17: Flight day – departing Warsaw and arriving Naples.
Day 18: Stay in Naples.
Day 19: Stay in Naples.
Day 20: Flight day – departing Naples and arriving Valencia.
Day 21: Flight day – departing Valencia and arriving Brussels.
Day 22: Stay in Brussels.
Day 23: Flight day – departing Brussels and arriving Lyon.
Day 24: Stay in Lyon.
Day 25: Flight day – departing Lyon and arriving Split.
Day 26: Stay in Split.
Day 27: Stay in Split.

City day counts:
Warsaw: 3
Porto: 5
Naples: 4
Brussels: 3
Split: 3
Reykjavik: 5
Amsterdam: 4
Lyon: 3
Helsinki: 4
Valencia: 2
