Found a valid itinerary:
Day  1: Reykjavik
Day  2: Reykjavik
Day  3: Reykjavik
Day  4: Copenhagen (Flight: Reykjavik -> Copenhagen)
Day  5: Copenhagen
Day  6: Copenhagen
Day  7: Tallinn (Flight: Copenhagen -> Tallinn)
Day  8: Tallinn
Day  9: Tallinn
Day 10: Tallinn
Day 11: Barcelona (Flight: Tallinn -> Barcelona)
Day 12: Barcelona
Day 13: Venice (Flight: Barcelona -> Venice)
Day 14: Venice
Day 15: Venice
Day 16: Athens (Flight: Venice -> Athens)
Day 17: Dubrovnik (Flight: Athens -> Dubrovnik)
Day 18: Dubrovnik
Day 19: Dubrovnik
Day 20: Dubrovnik
Day 21: Munich (Flight: Dubrovnik -> Munich)
Day 22: Munich
Day 23: Lyon (Flight: Munich -> Lyon)
Day 24: Lyon
Day 25: Lyon
Day 26: Lyon

City day contributions:
Venice: 4
Barcelona: 3
Copenhagen: 4
Lyon: 4
Reykjavik: 4
Dubrovnik: 5
Athens: 2
Tallinn: 5
Munich: 3
