Found a valid itinerary:
Day  1: Stay in Athens.
Day  2: Stay in Athens.
Day  3: Stay in Athens.
Day  4: Stay in Athens.
Day  5: Stay in Athens.
Day  6: Flight day – departing Athens and arriving Zurich.
Day  7: Stay in Zurich.
Day  8: Stay in Zurich.
Day  9: Stay in Zurich.
Day 10: Stay in Zurich.
Day 11: Flight day – departing Zurich and arriving Valencia.
Day 12: Stay in Valencia.
Day 13: Stay in Valencia.
Day 14: Stay in Valencia.
Day 15: Stay in Valencia.
Day 16: Flight day – departing Valencia and arriving Naples.
Day 17: Stay in Naples.
Day 18: Stay in Naples.
Day 19: Stay in Naples.
Day 20: Stay in Naples.

Day counts in each city:
Valencia: 6
Athens: 6
Naples: 5
Zurich: 6
