Found a valid itinerary:
Day  1: Bucharest
Day  2: Bucharest
Day  3: Bucharest
Day  4: Bucharest
Day  5: Bucharest
Day  6: Warsaw (Flight: Bucharest -> Warsaw)
Day  7: Stuttgart (Flight: Warsaw -> Stuttgart)
Day  8: Stuttgart
Day  9: Stuttgart
Day 10: Stuttgart
Day 11: Stuttgart
Day 12: Stuttgart
Day 13: Copenhagen (Flight: Stuttgart -> Copenhagen)
Day 14: Copenhagen
Day 15: Dubrovnik (Flight: Copenhagen -> Dubrovnik)
Day 16: Dubrovnik
Day 17: Dubrovnik
Day 18: Dubrovnik
Day 19: Dubrovnik

City day contributions:
Dubrovnik: 5
Warsaw: 2
Stuttgart: 7
Bucharest: 6
Copenhagen: 3
