Found a valid itinerary:
Day  1: In Valencia
Day  2: In Valencia
Day  3: In Valencia
Day  4: In Valencia
Day  5: In Barcelona (Flight: Valencia -> Barcelona)
Day  6: In Venice (Flight: Barcelona -> Venice)
Day  7: In Venice
Day  8: In Venice
Day  9: In Venice
Day 10: In Amsterdam (Flight: Venice -> Amsterdam)
Day 11: In Amsterdam
Day 12: In Amsterdam
Day 13: In Split (Flight: Amsterdam -> Split)
Day 14: In Split
Day 15: In Split
Day 16: In Split
Day 17: In Naples (Flight: Split -> Naples)
Day 18: In Naples
Day 19: In Stuttgart (Flight: Naples -> Stuttgart)
Day 20: In Porto (Flight: Stuttgart -> Porto)
Day 21: In Porto
Day 22: In Porto
Day 23: In Nice (Flight: Porto -> Nice)
Day 24: In Nice

City day counts:
Naples: 3
Valencia: 5
Stuttgart: 2
Split: 5
Venice: 5
Amsterdam: 4
Nice: 2
Barcelona: 2
Porto: 4
