Found a valid itinerary:
Day  1: In Edinburgh
Day  2: In Edinburgh
Day  3: In Edinburgh
Day  4: In Edinburgh
Day  5: In Amsterdam (Flight: Edinburgh -> Amsterdam)
Day  6: In Amsterdam
Day  7: In Amsterdam
Day  8: In Vienna (Flight: Amsterdam -> Vienna)
Day  9: In Vienna
Day 10: In Vienna
Day 11: In Vienna
Day 12: In Reykjavik (Flight: Vienna -> Reykjavik)
Day 13: In Reykjavik
Day 14: In Reykjavik
Day 15: In Reykjavik
Day 16: In Berlin (Flight: Reykjavik -> Berlin)
Day 17: In Berlin
Day 18: In Berlin
Day 19: In Brussels (Flight: Berlin -> Brussels)
Day 20: In Brussels
Day 21: In Brussels
Day 22: In Brussels
Day 23: In Brussels

City day counts:
Amsterdam: 4
Edinburgh: 5
Brussels: 5
Vienna: 5
Berlin: 4
Reykjavik: 5
