Found a valid itinerary:
Day  1: Riga
Day  2: Istanbul (Flight: Riga -> Istanbul)
Day  3: Istanbul
Day  4: Istanbul
Day  5: Istanbul
Day  6: Istanbul
Day  7: Krakow (Flight: Istanbul -> Krakow)
Day  8: Krakow
Day  9: Krakow
Day 10: Krakow
Day 11: Krakow
Day 12: Krakow
Day 13: Warsaw (Flight: Krakow -> Warsaw)
Day 14: Warsaw
Day 15: Reykjavik (Flight: Warsaw -> Reykjavik)
Day 16: Reykjavik
Day 17: Reykjavik
Day 18: Reykjavik
Day 19: Reykjavik
Day 20: Reykjavik
Day 21: Reykjavik

City day contributions:
Reykjavik : 7
Riga      : 2
Warsaw    : 3
Istanbul  : 6
Krakow    : 7
