Found a valid itinerary:
Day  1: Berlin
Day  2: Berlin
Day  3: Barcelona (Flight: Berlin -> Barcelona)
Day  4: Lyon (Flight: Barcelona -> Lyon)
Day  5: Nice (Flight: Lyon -> Nice)
Day  6: Nice
Day  7: Nice
Day  8: Nice
Day  9: Stockholm (Flight: Nice -> Stockholm)
Day 10: Stockholm
Day 11: Stockholm
Day 12: Stockholm
Day 13: Athens (Flight: Stockholm -> Athens)
Day 14: Athens
Day 15: Athens
Day 16: Athens
Day 17: Vilnius (Flight: Athens -> Vilnius)
Day 18: Vilnius
Day 19: Vilnius
Day 20: Vilnius

City day counts:
Berlin: 3
Nice: 5
Athens: 5
Stockholm: 5
Barcelona: 2
Vilnius: 4
Lyon: 2
