Found a valid itinerary:
Day  1: Dubrovnik
Day  2: Dubrovnik
Day  3: Rome (Flight: Dubrovnik -> Rome)
Day  4: Riga (Flight: Rome -> Riga)
Day  5: Riga
Day  6: Riga
Day  7: Brussels (Flight: Riga -> Brussels)
Day  8: Brussels
Day  9: Brussels
Day 10: Brussels
Day 11: Valencia (Flight: Brussels -> Valencia)
Day 12: Geneva (Flight: Valencia -> Geneva)
Day 13: Geneva
Day 14: Geneva
Day 15: Geneva
Day 16: Budapest (Flight: Geneva -> Budapest)
Day 17: Budapest

City day contributions:
Brussels: 5
Rome: 2
Dubrovnik: 3
Geneva: 5
Budapest: 2
Riga: 4
Valencia: 2
