Found a valid itinerary:
Day  1: In Reykjavik
Day  2: In Reykjavik
Day  3: In Reykjavik
Day  4: In Reykjavik
Day  5: In Prague (Flight: Reykjavik -> Prague)
Day  6: In Prague
Day  7: In Prague
Day  8: In Edinburgh (Flight: Prague -> Edinburgh)
Day  9: In Edinburgh
Day 10: In Edinburgh
Day 11: In Stuttgart (Flight: Edinburgh -> Stuttgart)
Day 12: In Stuttgart
Day 13: In Stuttgart
Day 14: In Stuttgart
Day 15: In Split (Flight: Stuttgart -> Split)
Day 16: In Split
Day 17: In Split
Day 18: In Split
Day 19: In Lyon (Flight: Split -> Lyon)
Day 20: In Lyon
Day 21: In Vienna (Flight: Lyon -> Vienna)
Day 22: In Vienna
Day 23: In Vienna
Day 24: In Manchester (Flight: Vienna -> Manchester)
Day 25: In Manchester

City day counts:
Vienna: 4
Lyon: 3
Edinburgh: 4
Reykjavik: 5
Stuttgart: 5
Manchester: 2
Split: 5
Prague: 4
