Found a valid itinerary:
Day  1: In Hamburg
Day  2: In Hamburg
Day  3: In Hamburg
Day  4: In Hamburg
Day  5: In Hamburg
Day  6: In Hamburg
Day  7: In Split (Flight: Hamburg -> Split)
Day  8: In Split
Day  9: In Split
Day 10: In Split
Day 11: In Split
Day 12: In Split
Day 13: In Lyon (Flight: Split -> Lyon)
Day 14: In Munich (Flight: Lyon -> Munich)
Day 15: In Munich
Day 16: In Munich
Day 17: In Munich
Day 18: In Munich
Day 19: In Manchester (Flight: Munich -> Manchester)
Day 20: In Manchester

City day counts:
Hamburg: 7
Munich: 6
Manchester: 2
Lyon: 2
Split: 7
