Found a valid itinerary:
Day 01: Rome
Day 02: Rome
Day 03: Rome
Day 04: Mykonos (Flight: Rome -> Mykonos)
Day 05: Mykonos
Day 06: Nice (Flight: Mykonos -> Nice)
Day 07: Nice
Day 08: Riga (Flight: Nice -> Riga)
Day 09: Riga
Day 10: Bucharest (Flight: Riga -> Bucharest)
Day 11: Bucharest
Day 12: Bucharest
Day 13: Munich (Flight: Bucharest -> Munich)
Day 14: Munich
Day 15: Munich
Day 16: Krakow (Flight: Munich -> Krakow)
Day 17: Krakow

City day contributions:
Mykonos   : 3
Riga      : 3
Munich    : 4
Bucharest : 4
Rome      : 4
Nice      : 3
Krakow    : 2
