Found a valid itinerary:
Day 01: Vilnius
Day 02: Vilnius
Day 03: Frankfurt (Flight: Vilnius -> Frankfurt)
Day 04: Frankfurt
Day 05: Frankfurt
Day 06: Frankfurt
Day 07: Stuttgart (Flight: Frankfurt -> Stuttgart)
Day 08: Stuttgart
Day 09: London (Flight: Stuttgart -> London)
Day 10: Santorini (Flight: London -> Santorini)
Day 11: Dublin (Flight: Santorini -> Dublin)
Day 12: Dublin
Day 13: Seville (Flight: Dublin -> Seville)
Day 14: Seville
Day 15: Seville
Day 16: Seville
Day 17: Seville

City day contributions:
Seville     : 5
Vilnius     : 3
Santorini   : 2
London      : 2
Stuttgart   : 3
Dublin      : 3
Frankfurt   : 5
