Found a valid itinerary:
Day 01: Hamburg
Day 02: Dublin (Flight: Hamburg -> Dublin)
Day 03: Dublin
Day 04: Dublin
Day 05: Dublin
Day 06: Helsinki (Flight: Dublin -> Helsinki)
Day 07: Helsinki
Day 08: Helsinki
Day 09: Reykjavik (Flight: Helsinki -> Reykjavik)
Day 10: London (Flight: Reykjavik -> London)
Day 11: London
Day 12: London
Day 13: London
Day 14: Mykonos (Flight: London -> Mykonos)
Day 15: Mykonos
Day 16: Mykonos

City day contributions:
Mykonos   : 3
Reykjavik : 2
Dublin    : 5
London    : 5
Helsinki  : 4
Hamburg   : 2
