Found a valid itinerary:
Day  1: In Santorini
Day  2: In Santorini
Day  3: In Santorini
Day  4: In Santorini
Day  5: In Naples (Flight: Santorini -> Naples)
Day  6: In Naples
Day  7: In Naples
Day  8: In Brussels (Flight: Naples -> Brussels)
Day  9: In Brussels
Day 10: In Brussels
Day 11: In Athens (Flight: Brussels -> Athens)
Day 12: In Athens
Day 13: In Athens
Day 14: In Prague (Flight: Athens -> Prague)
Day 15: In Copenhagen (Flight: Prague -> Copenhagen)
Day 16: In Copenhagen
Day 17: In Copenhagen
Day 18: In Copenhagen
Day 19: In Munich (Flight: Copenhagen -> Munich)
Day 20: In Munich
Day 21: In Munich
Day 22: In Munich
Day 23: In Dubrovnik (Flight: Munich -> Dubrovnik)
Day 24: In Dubrovnik
Day 25: In Geneva (Flight: Dubrovnik -> Geneva)
Day 26: In Geneva
Day 27: In Mykonos (Flight: Geneva -> Mykonos)
Day 28: In Mykonos

City day counts:
Copenhagen: 5
Geneva: 3
Mykonos: 2
Naples: 4
Prague: 2
Dubrovnik: 3
Athens: 4
Santorini: 5
Brussels: 4
Munich: 5
