Found a valid itinerary:
Day  1: Vienna
Day  2: Vienna
Day  3: Vienna
Day  4: Geneva (Flight: Vienna -> Geneva)
Day  5: Geneva
Day  6: Geneva
Day  7: Madrid (Flight: Geneva -> Madrid)
Day  8: Madrid
Day  9: Madrid
Day 10: Venice (Flight: Madrid -> Venice)
Day 11: Venice
Day 12: Venice
Day 13: Venice
Day 14: Istanbul (Flight: Venice -> Istanbul)
Day 15: Istanbul
Day 16: Istanbul
Day 17: Vilnius (Flight: Istanbul -> Vilnius)
Day 18: Vilnius
Day 19: Vilnius
Day 20: Munich (Flight: Vilnius -> Munich)
Day 21: Munich
Day 22: Munich
Day 23: Munich
Day 24: Reykjavik (Flight: Munich -> Reykjavik)
Day 25: Brussels (Flight: Reykjavik -> Brussels)
Day 26: Riga (Flight: Brussels -> Riga)
Day 27: Riga

City day contributions:
Istanbul: 4
Vienna: 4
Riga: 2
Brussels: 2
Madrid: 4
Vilnius: 4
Venice: 5
Geneva: 4
Munich: 5
Reykjavik: 2
