Found a valid itinerary:
Day 01: Vienna
Day 02: Vienna
Day 03: Vienna
Day 04: Riga (Flight: Vienna -> Riga)
Day 05: Vilnius (Flight: Riga -> Vilnius)
Day 06: Vilnius
Day 07: Vilnius
Day 08: Milan (Flight: Vilnius -> Milan)
Day 09: Lisbon (Flight: Milan -> Lisbon)
Day 10: Lisbon
Day 11: Oslo (Flight: Lisbon -> Oslo)
Day 12: Oslo
Day 13: Rome (Flight: Oslo -> Rome)
Day 14: Rome
Day 15: Rome

City day contributions:
Vienna  : 4
Milan   : 2
Rome    : 3
Riga    : 2
Lisbon  : 3
Vilnius : 4
Oslo    : 3
