Found a valid itinerary:
Day  1: In Vilnius
Day  2: In Vilnius
Day  3: In Munich (Flight: Vilnius -> Munich)
Day  4: In Munich
Day  5: In Munich
Day  6: In Munich
Day  7: In Budapest (Flight: Munich -> Budapest)
Day  8: In Budapest
Day  9: In Budapest
Day 10: In Budapest
Day 11: In Geneva (Flight: Budapest -> Geneva)
Day 12: In Split (Flight: Geneva -> Split)
Day 13: In Split
Day 14: In Split
Day 15: In Paris (Flight: Split -> Paris)
Day 16: In Paris
Day 17: In Paris
Day 18: In Paris
Day 19: In Krakow (Flight: Paris -> Krakow)
Day 20: In Krakow
Day 21: In Krakow
Day 22: In Krakow
Day 23: In Amsterdam (Flight: Krakow -> Amsterdam)
Day 24: In Amsterdam
Day 25: In Amsterdam
Day 26: In Santorini (Flight: Amsterdam -> Santorini)
Day 27: In Santorini
Day 28: In Santorini
Day 29: In Santorini
Day 30: In Santorini

City day counts:
Santorini: 5
Krakow: 5
Paris: 5
Vilnius: 3
Munich: 5
Geneva: 2
Amsterdam: 4
Budapest: 5
Split: 4
