Found a valid itinerary:
Day  1: In Warsaw
Day  2: In Warsaw
Day  3: In Warsaw
Day  4: In Riga (Flight: Warsaw -> Riga)
Day  5: In Oslo (Flight: Riga -> Oslo)
Day  6: In Oslo
Day  7: In Dubrovnik (Flight: Oslo -> Dubrovnik)
Day  8: In Madrid (Flight: Dubrovnik -> Madrid)
Day  9: In Lyon (Flight: Madrid -> Lyon)
Day 10: In Lyon
Day 11: In Lyon
Day 12: In Lyon
Day 13: In London (Flight: Lyon -> London)
Day 14: In London
Day 15: In Reykjavik (Flight: London -> Reykjavik)
Day 16: In Reykjavik
Day 17: In Reykjavik
Day 18: In Reykjavik

City day counts:
Reykjavik: 4
Riga: 2
Oslo: 3
Lyon: 5
Dubrovnik: 2
Madrid: 2
Warsaw: 4
London: 3
