Found a valid itinerary:
Day  1: Florence
Day  2: Florence
Day  3: Florence
Day  4: Vienna (Flight: Florence -> Vienna)
Day  5: Reykjavik (Flight: Vienna -> Reykjavik)
Day  6: Reykjavik
Day  7: Reykjavik
Day  8: Stuttgart (Flight: Reykjavik -> Stuttgart)
Day  9: Stuttgart
Day 10: Stuttgart
Day 11: Stuttgart
Day 12: Istanbul (Flight: Stuttgart -> Istanbul)
Day 13: Manchester (Flight: Istanbul -> Manchester)
Day 14: Manchester
Day 15: Manchester
Day 16: Manchester
Day 17: Bucharest (Flight: Manchester -> Bucharest)
Day 18: Bucharest
Day 19: Bucharest
Day 20: Riga (Flight: Bucharest -> Riga)
Day 21: Riga
Day 22: Riga
Day 23: Riga

City day contributions:
Riga: 4
Manchester: 5
Bucharest: 4
Florence: 4
Vienna: 2
Istanbul: 2
Reykjavik: 4
Stuttgart: 5
