Found a valid itinerary:
Day  1: In Krakow
Day  2: In Krakow
Day  3: In Krakow
Day  4: In Krakow
Day  5: In Frankfurt (Flight: Krakow -> Frankfurt)
Day  6: In Frankfurt
Day  7: In Frankfurt
Day  8: In Dubrovnik (Flight: Frankfurt -> Dubrovnik)
Day  9: In Dubrovnik
Day 10: In Dubrovnik
Day 11: In Dubrovnik
Day 12: In Naples (Flight: Dubrovnik -> Naples)
Day 13: In Naples
Day 14: In Naples
Day 15: In Naples
Day 16: In Oslo (Flight: Naples -> Oslo)
Day 17: In Oslo
Day 18: In Oslo

City day counts:
Krakow: 5
Frankfurt: 4
Oslo: 3
Dubrovnik: 5
Naples: 5
