Found a valid itinerary:
Day 01: Stockholm
Day 02: Stockholm
Day 03: Amsterdam (Flight: Stockholm -> Amsterdam)
Day 04: Amsterdam
Day 05: Valencia (Flight: Amsterdam -> Valencia)
Day 06: Vienna (Flight: Valencia -> Vienna)
Day 07: Vienna
Day 08: Vienna
Day 09: Vienna
Day 10: Reykjavik (Flight: Vienna -> Reykjavik)
Day 11: Reykjavik
Day 12: Reykjavik
Day 13: Reykjavik
Day 14: Athens (Flight: Reykjavik -> Athens)
Day 15: Athens
Day 16: Athens
Day 17: Athens
Day 18: Riga (Flight: Athens -> Riga)
Day 19: Riga
Day 20: Bucharest (Flight: Riga -> Bucharest)
Day 21: Bucharest
Day 22: Frankfurt (Flight: Bucharest -> Frankfurt)
Day 23: Frankfurt
Day 24: Frankfurt
Day 25: Salzburg (Flight: Frankfurt -> Salzburg)
Day 26: Salzburg
Day 27: Salzburg
Day 28: Salzburg
Day 29: Salzburg

City day contributions:
Frankfurt  : 4
Salzburg   : 5
Athens     : 5
Reykjavik  : 5
Bucharest  : 3
Valencia   : 2
Vienna     : 5
Amsterdam  : 3
Stockholm  : 3
Riga       : 3
