Found a valid itinerary:
Day 01: Vilnius
Day 02: Oslo (Flight: Vilnius -> Oslo)
Day 03: Dubrovnik (Flight: Oslo -> Dubrovnik)
Day 04: Dubrovnik
Day 05: Helsinki (Flight: Dubrovnik -> Helsinki)
Day 06: Krakow (Flight: Helsinki -> Krakow)
Day 07: Krakow
Day 08: Krakow
Day 09: Krakow
Day 10: Paris (Flight: Krakow -> Paris)
Day 11: Madrid (Flight: Paris -> Madrid)
Day 12: Madrid
Day 13: Madrid
Day 14: Madrid
Day 15: Mykonos (Flight: Madrid -> Mykonos)
Day 16: Mykonos
Day 17: Mykonos
Day 18: Mykonos

City day contributions:
Mykonos   : 4
Krakow    : 5
Vilnius   : 2
Helsinki  : 2
Dubrovnik : 3
Oslo      : 2
Madrid    : 5
Paris     : 2
