Found a valid itinerary:
Day  1: Dubrovnik
Day  2: Dubrovnik
Day  3: Dubrovnik
Day  4: Munich (Flight: Dubrovnik -> Munich)
Day  5: Munich
Day  6: Munich
Day  7: Munich
Day  8: Krakow (Flight: Munich -> Krakow)
Day  9: Split (Flight: Krakow -> Split)
Day 10: Split
Day 11: Milan (Flight: Split -> Milan)
Day 12: Milan
Day 13: Porto (Flight: Milan -> Porto)
Day 14: Porto
Day 15: Porto
Day 16: Porto

City day contributions:
Dubrovnik : 4
Split     : 3
Milan     : 3
Porto     : 4
Krakow    : 2
Munich    : 5
