Found a valid itinerary:
Day  1: Mykonos
Day  2: Mykonos
Day  3: Mykonos
Day  4: Naples (Flight: Mykonos -> Naples)
Day  5: Naples
Day  6: Naples
Day  7: Venice (Flight: Naples -> Venice)
Day  8: Venice
Day  9: Istanbul (Flight: Venice -> Istanbul)
Day 10: Istanbul
Day 11: Dublin (Flight: Istanbul -> Dublin)
Day 12: Dublin
Day 13: Dublin
Day 14: Dublin
Day 15: Brussels (Flight: Dublin -> Brussels)
Day 16: Frankfurt (Flight: Brussels -> Frankfurt)
Day 17: Frankfurt
Day 18: Krakow (Flight: Frankfurt -> Krakow)
Day 19: Krakow
Day 20: Krakow
Day 21: Krakow

City day counts:
Dublin: 5
Krakow: 4
Istanbul: 3
Venice: 3
Naples: 4
Brussels: 2
Mykonos: 4
Frankfurt: 3
