Found a valid itinerary:
Day  1: Lyon
Day  2: Lyon
Day  3: Lyon
Day  4: Paris (Flight: Lyon -> Paris)
Day  5: Paris
Day  6: Paris
Day  7: Paris
Day  8: Copenhagen (Flight: Paris -> Copenhagen)
Day  9: Copenhagen
Day 10: Copenhagen
Day 11: Copenhagen
Day 12: Santorini (Flight: Copenhagen -> Santorini)
Day 13: Oslo (Flight: Santorini -> Oslo)
Day 14: Oslo
Day 15: Oslo
Day 16: Oslo
Day 17: Krakow (Flight: Oslo -> Krakow)
Day 18: Helsinki (Flight: Krakow -> Helsinki)
Day 19: Helsinki
Day 20: Helsinki
Day 21: Helsinki
Day 22: Riga (Flight: Helsinki -> Riga)
Day 23: Tallinn (Flight: Riga -> Tallinn)
Day 24: Warsaw (Flight: Tallinn -> Warsaw)
Day 25: Warsaw

City day contributions:
Paris: 5
Warsaw: 2
Krakow: 2
Tallinn: 2
Riga: 2
Copenhagen: 5
Helsinki: 5
Oslo: 5
Santorini: 2
Lyon: 4
