Found a valid itinerary:
Day  1: Lisbon
Day  2: Valencia (Flight: Lisbon -> Valencia)
Day  3: Seville (Flight: Valencia -> Seville)
Day  4: Seville
Day  5: Seville
Day  6: Seville
Day  7: Paris (Flight: Seville -> Paris)
Day  8: Paris
Day  9: Paris
Day 10: Prague (Flight: Paris -> Prague)
Day 11: Prague
Day 12: Tallinn (Flight: Prague -> Tallinn)
Day 13: Oslo (Flight: Tallinn -> Oslo)
Day 14: Oslo
Day 15: Lyon (Flight: Oslo -> Lyon)
Day 16: Lyon
Day 17: Lyon
Day 18: Nice (Flight: Lyon -> Nice)
Day 19: Nice
Day 20: Nice
Day 21: Mykonos (Flight: Nice -> Mykonos)
Day 22: Mykonos
Day 23: Mykonos
Day 24: Mykonos
Day 25: Mykonos

City day contributions:
Valencia: 2
Oslo: 3
Lyon: 4
Prague: 3
Paris: 4
Nice: 4
Seville: 5
Tallinn: 2
Mykonos: 5
Lisbon: 2
