Found a valid itinerary:
Day 01: Istanbul
Day 02: Istanbul
Day 03: Istanbul
Day 04: Istanbul
Day 05: Brussels (Flight: Istanbul -> Brussels)
Day 06: Brussels
Day 07: Milan (Flight: Brussels -> Milan)
Day 08: Milan
Day 09: Milan
Day 10: Split (Flight: Milan -> Split)
Day 11: Split
Day 12: Split
Day 13: Helsinki (Flight: Split -> Helsinki)
Day 14: Helsinki
Day 15: Dubrovnik (Flight: Helsinki -> Dubrovnik)
Day 16: Frankfurt (Flight: Dubrovnik -> Frankfurt)
Day 17: Frankfurt
Day 18: Vilnius (Flight: Frankfurt -> Vilnius)
Day 19: Vilnius
Day 20: Vilnius
Day 21: Vilnius
Day 22: Vilnius

City day contributions:
Brussels  : 3
Helsinki  : 3
Split     : 4
Dubrovnik : 2
Istanbul  : 5
Milan     : 4
Vilnius   : 5
Frankfurt : 3
