Found a valid itinerary:
Day 01: Split
Day 02: Split
Day 03: Stockholm (Flight: Split -> Stockholm)
Day 04: Reykjavik (Flight: Stockholm -> Reykjavik)
Day 05: Copenhagen (Flight: Reykjavik -> Copenhagen)
Day 06: Venice (Flight: Copenhagen -> Venice)
Day 07: Venice
Day 08: Venice
Day 09: Vienna (Flight: Venice -> Vienna)
Day 10: Vienna
Day 11: Nice (Flight: Vienna -> Nice)
Day 12: Nice
Day 13: Porto (Flight: Nice -> Porto)
Day 14: Porto
Day 15: Porto
Day 16: Porto
Day 17: Porto

City day contributions:
Reykjavik   : 2
Stockholm   : 2
Porto       : 5
Nice        : 3
Venice      : 4
Vienna      : 3
Split       : 3
Copenhagen  : 2
