Found a valid itinerary:
Day  1: Vienna
Day  2: Vienna
Day  3: Vienna
Day  4: Seville (Flight: Vienna -> Seville)
Day  5: Madrid (Flight: Seville -> Madrid)
Day  6: Santorini (Flight: Madrid -> Santorini)
Day  7: Santorini
Day  8: Bucharest (Flight: Santorini -> Bucharest)
Day  9: Bucharest
Day 10: Valencia (Flight: Bucharest -> Valencia)
Day 11: Valencia
Day 12: Valencia
Day 13: Krakow (Flight: Valencia -> Krakow)
Day 14: Krakow
Day 15: Krakow
Day 16: Krakow
Day 17: Frankfurt (Flight: Krakow -> Frankfurt)
Day 18: Frankfurt
Day 19: Frankfurt
Day 20: Riga (Flight: Frankfurt -> Riga)
Day 21: Riga
Day 22: Riga
Day 23: Tallinn (Flight: Riga -> Tallinn)
Day 24: Tallinn
Day 25: Tallinn
Day 26: Tallinn
Day 27: Tallinn

City day counts:
Santorini: 3
Valencia: 4
Madrid: 2
Seville: 2
Bucharest: 3
Vienna: 4
Riga: 4
Tallinn: 5
Krakow: 5
Frankfurt: 4
