Found a valid itinerary:
Day  1: In Tallinn
Day  2: In Tallinn
Day  3: In Tallinn
Day  4: In Munich (Flight: Tallinn -> Munich)
Day  5: In Munich
Day  6: In Venice (Flight: Munich -> Venice)
Day  7: In Venice
Day  8: In Santorini (Flight: Venice -> Santorini)
Day  9: In Santorini
Day 10: In Manchester (Flight: Santorini -> Manchester)
Day 11: In Manchester
Day 12: In Porto (Flight: Manchester -> Porto)
Day 13: In Porto
Day 14: In Valencia (Flight: Porto -> Valencia)
Day 15: In Bucharest (Flight: Valencia -> Bucharest)
Day 16: In Bucharest
Day 17: In Bucharest
Day 18: In Bucharest
Day 19: In Vienna (Flight: Bucharest -> Vienna)
Day 20: In Vienna
Day 21: In Vienna
Day 22: In Vienna
Day 23: In Reykjavik (Flight: Vienna -> Reykjavik)
Day 24: In Reykjavik

City day counts:
Venice: 3
Reykjavik: 2
Munich: 3
Santorini: 3
Manchester: 3
Porto: 3
Bucharest: 5
Tallinn: 4
Valencia: 2
Vienna: 5
