Found a valid itinerary:
Day  1: In Bucharest
Day  2: In Barcelona (Flight: Bucharest -> Barcelona)
Day  3: In Barcelona
Day  4: In Stockholm (Flight: Barcelona -> Stockholm)
Day  5: In Stockholm
Day  6: In Stockholm
Day  7: In Reykjavik (Flight: Stockholm -> Reykjavik)
Day  8: In Reykjavik
Day  9: In Reykjavik
Day 10: In Reykjavik
Day 11: In Munich (Flight: Reykjavik -> Munich)
Day 12: In Munich
Day 13: In Munich
Day 14: In Split (Flight: Munich -> Split)
Day 15: In Split
Day 16: In Oslo (Flight: Split -> Oslo)
Day 17: In Frankfurt (Flight: Oslo -> Frankfurt)
Day 18: In Frankfurt
Day 19: In Frankfurt
Day 20: In Frankfurt

City day counts:
Oslo: 2
Reykjavik: 5
Stockholm: 4
Munich: 4
Frankfurt: 4
Barcelona: 3
Bucharest: 2
Split: 3
