Found a valid itinerary:
Day 01: Lisbon
Day 02: Lisbon
Day 03: Lisbon
Day 04: Lisbon
Day 05: Riga (Flight: Lisbon -> Riga)
Day 06: Riga
Day 07: Riga
Day 08: Stockholm (Flight: Riga -> Stockholm)
Day 09: Santorini (Flight: Stockholm -> Santorini)
Day 10: Santorini
Day 11: Santorini
Day 12: Santorini
Day 13: Naples (Flight: Santorini -> Naples)
Day 14: Naples
Day 15: Naples
Day 16: Naples
Day 17: Warsaw (Flight: Naples -> Warsaw)
Day 18: Tallinn (Flight: Warsaw -> Tallinn)
Day 19: Tallinn
Day 20: Prague (Flight: Tallinn -> Prague)
Day 21: Prague
Day 22: Prague
Day 23: Prague
Day 24: Milan (Flight: Prague -> Milan)
Day 25: Milan
Day 26: Porto (Flight: Milan -> Porto)
Day 27: Porto
Day 28: Porto

City day contributions:
Prague      : 5
Tallinn     : 3
Warsaw      : 2
Porto       : 3
Naples      : 5
Milan       : 3
Lisbon      : 5
Santorini   : 5
Riga        : 4
Stockholm   : 2
