Found a valid itinerary:
Day  1: Amsterdam
Day  2: Bucharest (Flight: Amsterdam -> Bucharest)
Day  3: Bucharest
Day  4: Bucharest
Day  5: Riga (Flight: Bucharest -> Riga)
Day  6: Vilnius (Flight: Riga -> Vilnius)
Day  7: Vilnius
Day  8: Vilnius
Day  9: Vilnius
Day 10: Frankfurt (Flight: Vilnius -> Frankfurt)
Day 11: Frankfurt
Day 12: London (Flight: Frankfurt -> London)
Day 13: Stockholm (Flight: London -> Stockholm)
Day 14: Stockholm
Day 15: Stockholm

City day contributions:
Riga: 2
Frankfurt: 3
Amsterdam: 2
Vilnius: 5
London: 2
Stockholm: 3
Bucharest: 4
